<?xml version="1.0" encoding="utf-8"?><testsuites name="pytest tests"><testsuite name="pytest" errors="0" failures="0" skipped="5" tests="596" time="15.120" timestamp="2026-04-22T07:22:26.358060+07:00" hostname="t440"><testcase classname="tests.test_agent.TestSendMessageWithRetry" name="test_non_503_error_raises_immediately_without_retry" time="0.004" /><testcase classname="tests.test_agent.TestSendMessageWithRetry" name="test_raises_after_max_retries" time="0.003" /><testcase classname="tests.test_agent.TestSendMessageWithRetry" name="test_retries_on_429_then_succeeds" time="0.005" /><testcase classname="tests.test_agent.TestSendMessageWithRetry" name="test_retries_on_503_then_succeeds" time="0.006" /><testcase classname="tests.test_agent.TestSendMessageWithRetry" name="test_success_on_first_try" time="0.006" /><testcase classname="tests.test_agent.TestHandleTelegramChat" name="test_active_memories_injected_into_standard_chat" time="0.032" /><testcase classname="tests.test_agent.TestHandleTelegramChat" name="test_api_error_sends_fallback_message_to_user" time="0.009" /><testcase classname="tests.test_agent.TestHandleTelegramChat" name="test_classify_intent_fast_for_short_messages" time="0.002" /><testcase classname="tests.test_agent.TestHandleTelegramChat" name="test_classify_intent_standard_for_analysis" time="0.001" /><testcase classname="tests.test_agent.TestHandleTelegramChat" name="test_classify_intent_standard_for_long_messages" time="0.001" /><testcase classname="tests.test_agent.TestHandleTelegramChat" name="test_clear_command_clears_history_and_notifies" time="0.006" /><testcase classname="tests.test_agent.TestHandleTelegramChat" name="test_normal_chat_calls_gemini_and_sends_reply" time="0.015" /><testcase classname="tests.test_agent.TestHandleTelegramChat" name="test_normal_chat_saves_both_user_and_model_messages" time="0.012" /><testcase classname="tests.test_agent.TestHandleTelegramChat" name="test_reset_command_also_clears_history" time="0.006" /><testcase classname="tests.test_agent.TestHandleTelegramChat" name="test_short_message_uses_fast_path" time="0.012" /><testcase classname="tests.test_agent.TestHandleTelegramChat" name="test_typing_indicator_sent_before_processing" time="0.013" /><testcase classname="tests.test_agent.TestPastContextKeywordMatching" name="test_fold_vietnamese_ascii" time="0.001" /><testcase classname="tests.test_agent.TestPastContextKeywordMatching" name="test_standard_keywords_match_english" time="0.002" /><testcase classname="tests.test_agent.TestPastContextKeywordMatching" name="test_standard_keywords_match_vietnamese_no_diacritics" time="0.002" /><testcase classname="tests.test_agent.TestPastContextKeywordMatching" name="test_standard_keywords_match_vietnamese_with_diacritics" time="0.001" /><testcase classname="tests.test_agent.TestPastContextKeywordMatching" name="test_standard_keywords_no_false_positive_on_greeting" time="0.002" /><testcase classname="tests.test_agent.TestGenerateMorningBriefing" name="test_api_error_does_not_crash" time="0.010" /><testcase classname="tests.test_agent.TestGenerateMorningBriefing" name="test_sends_briefing_to_telegram" time="0.010" /><testcase classname="tests.test_agent.TestExtractImplicitMemory" name="test_empty_history_returns_early" time="0.003" /><testcase classname="tests.test_agent.TestExtractImplicitMemory" name="test_inactive_status_is_passed_to_db" time="0.008" /><testcase classname="tests.test_agent.TestExtractImplicitMemory" name="test_invalid_json_does_not_crash" time="0.007" /><testcase classname="tests.test_agent.TestExtractImplicitMemory" name="test_multiple_items_all_inserted" time="0.010" /><testcase classname="tests.test_agent.TestExtractImplicitMemory" name="test_valid_json_response_inserts_memory" time="0.009" /><testcase classname="tests.test_agent.TestGenerateWeeklyReflection" name="test_api_error_does_not_crash" time="0.070" /><testcase classname="tests.test_agent.TestGenerateWeeklyReflection" name="test_sends_reflection_to_telegram_and_memorizes" time="0.012" /><testcase classname="tests.test_agent.TestTieredSystemPrompt" name="test_core_prompt_excludes_gcs_rubric" time="0.001" /><testcase classname="tests.test_agent.TestTieredSystemPrompt" name="test_core_prompt_includes_identity_and_psychology" time="0.001" /><testcase classname="tests.test_agent.TestTieredSystemPrompt" name="test_fast_path_uses_core_prompt" time="0.784" /><testcase classname="tests.test_agent.TestTieredSystemPrompt" name="test_full_prompt_includes_gcs_rubric" time="0.002" /><testcase classname="tests.test_agent.TestTieredSystemPrompt" name="test_standard_path_uses_full_prompt" time="0.916" /><testcase classname="tests.test_audit.TestCategorizeLine" name="test_traceback" time="0.002" /><testcase classname="tests.test_audit.TestCategorizeLine" name="test_exception" time="0.002" /><testcase classname="tests.test_audit.TestCategorizeLine" name="test_dns_error" time="0.002" /><testcase classname="tests.test_audit.TestCategorizeLine" name="test_connection_error" time="0.002" /><testcase classname="tests.test_audit.TestCategorizeLine" name="test_news_scorer_json" time="0.002" /><testcase classname="tests.test_audit.TestCategorizeLine" name="test_news_agent_error" time="0.002" /><testcase classname="tests.test_audit.TestCategorizeLine" name="test_performance_timeout" time="0.002" /><testcase classname="tests.test_audit.TestCategorizeLine" name="test_scheduler_error" time="0.002" /><testcase classname="tests.test_audit.TestCategorizeLine" name="test_db_error" time="0.002" /><testcase classname="tests.test_audit.TestCategorizeLine" name="test_improvement_hint" time="0.002" /><testcase classname="tests.test_audit.TestCategorizeLine" name="test_todo" time="0.001" /><testcase classname="tests.test_audit.TestCategorizeLine" name="test_generic_warning" time="0.001" /><testcase classname="tests.test_audit.TestCategorizeLine" name="test_generic_error" time="0.001" /><testcase classname="tests.test_audit.TestCategorizeLine" name="test_critical" time="0.001" /><testcase classname="tests.test_audit.TestCategorizeLine" name="test_normal_info_line_skipped" time="0.001" /><testcase classname="tests.test_audit.TestCategorizeLine" name="test_empty_line_skipped" time="0.001" /><testcase classname="tests.test_audit.TestRunAudit" name="test_returns_zero_when_no_log_file" time="0.014" /><testcase classname="tests.test_audit.TestRunAudit" name="test_scans_log_and_returns_count" time="0.011" /><testcase classname="tests.test_audit.TestRunAudit" name="test_deduplication_on_rerun" time="0.010" /><testcase classname="tests.test_audit.TestRunAudit" name="test_scans_rotated_files" time="0.010" /><testcase classname="tests.test_audit.TestAuditDbFunctions" name="test_insert_and_get" time="0.009" /><testcase classname="tests.test_audit.TestAuditDbFunctions" name="test_insert_duplicate_returns_false" time="0.010" /><testcase classname="tests.test_audit.TestAuditDbFunctions" name="test_filter_by_status" time="0.011" /><testcase classname="tests.test_audit.TestAuditDbFunctions" name="test_filter_by_severity" time="0.010" /><testcase classname="tests.test_audit.TestAuditDbFunctions" name="test_update_status" time="0.012" /><testcase classname="tests.test_audit.TestAuditDbFunctions" name="test_get_stats" time="0.011" /><testcase classname="tests.test_audit.TestAuditApi" name="test_list_entries_empty" time="0.349" /><testcase classname="tests.test_audit.TestAuditApi" name="test_list_entries_requires_auth" time="0.013" /><testcase classname="tests.test_audit.TestAuditApi" name="test_acknowledge" time="0.024" /><testcase classname="tests.test_audit.TestAuditApi" name="test_resolve" time="0.025" /><testcase classname="tests.test_audit.TestAuditApi" name="test_run_audit_now" time="0.016" /><testcase classname="tests.test_audit.TestAuditApi" name="test_audit_page_html" time="0.020" /><testcase classname="tests.test_config.TestConfigLoadSave" name="test_load_returns_config_data" time="0.003" /><testcase classname="tests.test_config.TestConfigLoadSave" name="test_save_then_load_roundtrip" time="0.002" /><testcase classname="tests.test_config.TestConfigCaching" name="test_save_invalidates_cache" time="0.003" /><testcase classname="tests.test_config.TestConfigCaching" name="test_second_load_uses_cache" time="0.002" /><testcase classname="tests.test_config.TestConfigAutoInit" name="test_auto_init_from_example" time="0.002" /><testcase classname="tests.test_config.TestConfigAutoInit" name="test_no_example_returns_empty" time="0.001" /><testcase classname="tests.test_config.TestCorruptedConfig" name="test_empty_file_returns_empty_dict" time="0.002" /><testcase classname="tests.test_config.TestCorruptedConfig" name="test_invalid_json_returns_empty_dict" time="0.001" /><testcase classname="tests.test_config.TestConfigThreadSafety" name="test_concurrent_load_config_returns_consistent_data" time="0.005" /><testcase classname="tests.test_config.TestConfigThreadSafety" name="test_concurrent_save_and_load_no_corruption" time="0.004" /><testcase classname="tests.test_coverage_metrics.TestLoadCoverageReport" name="test_coverage_timestamp_parsed" time="0.002" /><testcase classname="tests.test_coverage_metrics.TestLoadCoverageReport" name="test_package_line_rate" time="0.001" /><testcase classname="tests.test_coverage_metrics.TestLoadCoverageReport" name="test_packages_parsed" time="0.001" /><testcase classname="tests.test_coverage_metrics.TestLoadCoverageReport" name="test_raises_when_coverage_file_malformed" time="0.001" /><testcase classname="tests.test_coverage_metrics.TestLoadCoverageReport" name="test_raises_when_coverage_file_missing" time="0.001" /><testcase classname="tests.test_coverage_metrics.TestLoadCoverageReport" name="test_returns_coverage_report" time="0.002" /><testcase classname="tests.test_coverage_metrics.TestLoadCoverageReport" name="test_test_counts_none_when_junit_missing" time="0.001" /><testcase classname="tests.test_coverage_metrics.TestLoadCoverageReport" name="test_test_counts_parsed" time="0.002" /><testcase classname="tests.test_coverage_metrics.TestReportToDict" name="test_by_package_entry_shape" time="0.002" /><testcase classname="tests.test_coverage_metrics.TestReportToDict" name="test_by_package_is_list" time="0.002" /><testcase classname="tests.test_coverage_metrics.TestReportToDict" name="test_output_json_serializable" time="0.002" /><testcase classname="tests.test_coverage_metrics.TestReportToDict" name="test_summary_keys_present" time="0.001" /><testcase classname="tests.test_coverage_metrics.TestReportToDict" name="test_summary_line_rate_pct" time="0.001" /><testcase classname="tests.test_coverage_metrics.TestReportToDict" name="test_test_counts_present" time="0.001" /><testcase classname="tests.test_coverage_metrics.TestCoverageEndpoint" name="test_graceful_404_when_coverage_file_missing" time="0.010" /><testcase classname="tests.test_coverage_metrics.TestCoverageEndpoint" name="test_response_has_by_package" time="0.009" /><testcase classname="tests.test_coverage_metrics.TestCoverageEndpoint" name="test_response_has_summary" time="0.009" /><testcase classname="tests.test_coverage_metrics.TestCoverageEndpoint" name="test_response_has_test_counts" time="0.009" /><testcase classname="tests.test_coverage_metrics.TestCoverageEndpoint" name="test_returns_200_with_auth" time="0.009" /><testcase classname="tests.test_coverage_metrics.TestCoverageEndpoint" name="test_returns_401_without_auth" time="0.005" /><testcase classname="tests.test_database.TestUsers" name="test_get_nonexistent_user_returns_none" time="0.009" /><testcase classname="tests.test_database.TestUsers" name="test_upsert_and_get_user" time="0.009" /><testcase classname="tests.test_database.TestUsers" name="test_upsert_updates_existing_user" time="0.010" /><testcase classname="tests.test_database.TestRunActivities" name="test_delete_run_activity" time="0.010" /><testcase classname="tests.test_database.TestRunActivities" name="test_gcs_placeholder_created_before_harvest" time="0.010" /><testcase classname="tests.test_database.TestRunActivities" name="test_gcs_score_update" time="0.010" /><testcase classname="tests.test_database.TestRunActivities" name="test_get_runs_in_last_days_format" time="0.009" /><testcase classname="tests.test_database.TestRunActivities" name="test_get_training_loads_calculates_correctly" time="0.010" /><testcase classname="tests.test_database.TestRunActivities" name="test_get_training_loads_empty_user_returns_zeros" time="0.010" /><testcase classname="tests.test_database.TestRunActivities" name="test_get_weekly_volume_only_counts_current_week" time="0.011" /><testcase classname="tests.test_database.TestRunActivities" name="test_no_runs_returns_empty_message" time="0.009" /><testcase classname="tests.test_database.TestRunActivities" name="test_save_and_retrieve_via_recent_logs" time="0.009" /><testcase classname="tests.test_database.TestRunActivities" name="test_upsert_does_not_duplicate" time="0.010" /><testcase classname="tests.test_database.TestChatHistory" name="test_clear_history_only_affects_target_user" time="0.012" /><testcase classname="tests.test_database.TestChatHistory" name="test_clear_history_removes_all" time="0.009" /><testcase classname="tests.test_database.TestChatHistory" name="test_empty_history_returns_empty_list" time="0.009" /><testcase classname="tests.test_database.TestChatHistory" name="test_load_respects_limit" time="0.018" /><testcase classname="tests.test_database.TestChatHistory" name="test_load_returns_chronological_order" time="0.010" /><testcase classname="tests.test_database.TestChatHistory" name="test_save_and_load_messages" time="0.010" /><testcase classname="tests.test_database.TestTrainingPlans" name="test_create_and_get_plan" time="0.009" /><testcase classname="tests.test_database.TestTrainingPlans" name="test_get_plan_for_nonexistent_date_returns_none" time="0.009" /><testcase classname="tests.test_database.TestTrainingPlans" name="test_get_upcoming_plans_returns_formatted_string" time="0.009" /><testcase classname="tests.test_database.TestTrainingPlans" name="test_plans_are_user_isolated" time="0.009" /><testcase classname="tests.test_database.TestTrainingPlans" name="test_update_plan_status" time="0.009" /><testcase classname="tests.test_database.TestTrainingPlans" name="test_upsert_plan_updates_existing" time="0.009" /><testcase classname="tests.test_database.TestWeeklyTargets" name="test_get_nonexistent_week_returns_none" time="0.008" /><testcase classname="tests.test_database.TestWeeklyTargets" name="test_targets_are_user_isolated" time="0.009" /><testcase classname="tests.test_database.TestWeeklyTargets" name="test_upsert_and_get_weekly_target" time="0.009" /><testcase classname="tests.test_database.TestWeeklyTargets" name="test_upsert_overwrites_existing" time="0.010" /><testcase classname="tests.test_database.TestCoreMemory" name="test_archive_memory" time="0.011" /><testcase classname="tests.test_database.TestCoreMemory" name="test_archive_memory_wrong_user_fails_silently" time="0.010" /><testcase classname="tests.test_database.TestCoreMemory" name="test_global_deduplication_latest_wins" time="0.010" /><testcase classname="tests.test_database.TestCoreMemory" name="test_inactive_memory_not_returned" time="0.009" /><testcase classname="tests.test_database.TestCoreMemory" name="test_inactive_overrides_active_for_same_category" time="0.009" /><testcase classname="tests.test_database.TestCoreMemory" name="test_insert_and_get_active_memory" time="0.010" /><testcase classname="tests.test_database.TestCoreMemory" name="test_memories_are_user_isolated" time="0.009" /><testcase classname="tests.test_database.TestCoreMemory" name="test_multiple_categories_all_returned" time="0.010" /><testcase classname="tests.test_database.TestHistoricalTrainingLoads" name="test_no_runs_all_zeros" time="0.010" /><testcase classname="tests.test_database.TestHistoricalTrainingLoads" name="test_optimal_band_is_80_to_130_of_chronic" time="0.010" /><testcase classname="tests.test_database.TestHistoricalTrainingLoads" name="test_returns_correct_number_of_days" time="0.010" /><testcase classname="tests.test_database.TestHistoricalTrainingLoads" name="test_returns_correct_structure" time="0.010" /><testcase classname="tests.test_database.TestMultiTenantRunActivityIsolation" name="test_empty_user_returns_zero_loads" time="0.009" /><testcase classname="tests.test_database.TestMultiTenantRunActivityIsolation" name="test_recent_logs_isolated_by_user" time="0.012" /><testcase classname="tests.test_database.TestMultiTenantRunActivityIsolation" name="test_training_loads_isolated_by_user" time="0.012" /><testcase classname="tests.test_database.TestMultiTenantRunActivityIsolation" name="test_weekly_mileage_isolated_by_user" time="0.013" /><testcase classname="tests.test_database_run_activity_raw.TestRunActivityRawStreamFilePath" name="test_get_run_activity_raw_returns_none_for_unknown_activity" time="0.012" /><testcase classname="tests.test_database_run_activity_raw.TestRunActivityRawStreamFilePath" name="test_save_and_get_run_activity_raw_with_stream_file_path" time="0.011" /><testcase classname="tests.test_database_run_activity_raw.TestRunActivityRawStreamFilePath" name="test_save_run_activity_raw_upserts_and_updates_stream_file_path" time="0.012" /><testcase classname="tests.test_e2e_local.TestE2EHealthCheck" name="test_health_json_shape" time="0.006" /><testcase classname="tests.test_e2e_local.TestE2EHealthCheck" name="test_health_reports_scheduler_state" time="0.005" /><testcase classname="tests.test_e2e_local.TestE2EHealthCheck" name="test_health_responds" time="0.004" /><testcase classname="tests.test_e2e_local.TestE2EStravaWebhookFlow" name="test_create_event_returns_ok_and_queues_workflow" time="0.009" /><testcase classname="tests.test_e2e_local.TestE2EStravaWebhookFlow" name="test_delete_event_returns_ok_and_queues_cleanup" time="0.007" /><testcase classname="tests.test_e2e_local.TestE2EStravaWebhookFlow" name="test_non_activity_object_ignored" time="0.005" /><testcase classname="tests.test_e2e_local.TestE2EStravaWebhookFlow" name="test_update_event_ignored" time="0.005" /><testcase classname="tests.test_e2e_local.TestE2EStravaPayloadValidation" name="test_malformed_json_returns_4xx" time="0.005" /><testcase classname="tests.test_e2e_local.TestE2EStravaPayloadValidation" name="test_missing_required_fields_rejected" time="0.005" /><testcase classname="tests.test_e2e_local.TestE2EStravaPayloadValidation" name="test_zero_object_id_rejected" time="0.005" /><testcase classname="tests.test_e2e_local.TestE2EStravaVerification" name="test_valid_token_returns_challenge" time="0.008" /><testcase classname="tests.test_e2e_local.TestE2EStravaVerification" name="test_wrong_token_returns_error" time="0.007" /><testcase classname="tests.test_e2e_local.TestE2ETelegramWebhookRouting" name="test_chat_message_routed_to_handler" time="0.013" /><testcase classname="tests.test_e2e_local.TestE2ETelegramWebhookRouting" name="test_empty_object_returns_ok" time="0.005" /><testcase classname="tests.test_e2e_local.TestE2ETelegramWebhookRouting" name="test_malformed_json_body_returns_ok" time="0.005" /><testcase classname="tests.test_e2e_local.TestE2ETelegramWebhookRouting" name="test_null_body_returns_ok" time="0.004" /><testcase classname="tests.test_e2e_local.TestE2ETelegramWebhookRouting" name="test_standup_command_triggers_briefing" time="1.087" /><testcase classname="tests.test_e2e_local.TestE2EStravaFullWorkflow" name="test_create_event_triggers_full_pipeline" time="0.013" /><testcase classname="tests.test_e2e_local.TestE2EStravaFullWorkflow" name="test_paused_service_skips_workflow" time="0.004" /><testcase classname="tests.test_e2e_local.TestE2ESchedulerStartup" name="test_scheduler_running_after_app_startup" time="0.013" /><testcase classname="tests.test_e2e_local.TestE2ESchedulerStartup" name="test_scheduler_stops_on_app_shutdown" time="0.013" /><testcase classname="tests.test_e2e_local.TestE2ETimezoneUtils" name="test_get_local_tz_default_is_ho_chi_minh" time="0.002" /><testcase classname="tests.test_e2e_local.TestE2ETimezoneUtils" name="test_get_local_tz_respects_tz_env_var" time="0.002" /><testcase classname="tests.test_e2e_local.TestE2ETimezoneUtils" name="test_get_local_tz_returns_pytz_timezone" time="0.001" /><testcase classname="tests.test_e2e_local.TestE2ETimezoneUtils" name="test_morning_briefing_flow_uses_timezone_utils" time="0.001" /><testcase classname="tests.test_e2e_local.TestE2ETimezoneUtils" name="test_run_analysis_flow_uses_timezone_utils" time="0.002" /><testcase classname="tests.test_e2e_local.TestE2ETimezoneUtils" name="test_weekly_reflection_flow_uses_timezone_utils" time="0.001" /><testcase classname="tests.test_e2e_local.TestE2EConfigConcurrency" name="test_20_concurrent_load_config_calls_are_consistent" time="0.004" /><testcase classname="tests.test_flow_memory_extraction.TestExtractImplicitMemory" name="test_db_insert_failure_does_not_stop_other_items" time="0.008" /><testcase classname="tests.test_flow_memory_extraction.TestExtractImplicitMemory" name="test_debug_mode_enabled_does_not_crash" time="0.007" /><testcase classname="tests.test_flow_memory_extraction.TestExtractImplicitMemory" name="test_empty_history_does_not_call_gemini" time="0.007" /><testcase classname="tests.test_flow_memory_extraction.TestExtractImplicitMemory" name="test_empty_history_returns_early" time="0.008" /><testcase classname="tests.test_flow_memory_extraction.TestExtractImplicitMemory" name="test_existing_memories_fetched_for_deduplication" time="0.007" /><testcase classname="tests.test_flow_memory_extraction.TestExtractImplicitMemory" name="test_existing_memories_injected_into_prompt" time="0.007" /><testcase classname="tests.test_flow_memory_extraction.TestExtractImplicitMemory" name="test_gemini_exception_does_not_crash" time="0.007" /><testcase classname="tests.test_flow_memory_extraction.TestExtractImplicitMemory" name="test_item_missing_fact_is_skipped" time="0.007" /><testcase classname="tests.test_flow_memory_extraction.TestExtractImplicitMemory" name="test_json_decode_error_does_not_crash" time="0.006" /><testcase classname="tests.test_flow_memory_extraction.TestExtractImplicitMemory" name="test_multiple_items_inserts_each" time="0.007" /><testcase classname="tests.test_flow_memory_extraction.TestExtractImplicitMemory" name="test_no_existing_memories_uses_default_text" time="0.010" /><testcase classname="tests.test_flow_memory_extraction.TestExtractImplicitMemory" name="test_valid_item_calls_insert_memory" time="0.007" /><testcase classname="tests.test_flow_morning_briefing.TestGenerateMorningBriefing" name="test_build_standup_prompt_called" time="0.012" /><testcase classname="tests.test_flow_morning_briefing.TestGenerateMorningBriefing" name="test_empty_gemini_response_sends_fallback" time="0.011" /><testcase classname="tests.test_flow_morning_briefing.TestGenerateMorningBriefing" name="test_empty_history_uses_default_context" time="0.012" /><testcase classname="tests.test_flow_morning_briefing.TestGenerateMorningBriefing" name="test_gemini_client_created_with_model_name" time="0.013" /><testcase classname="tests.test_flow_morning_briefing.TestGenerateMorningBriefing" name="test_gemini_exception_does_not_crash" time="0.013" /><testcase classname="tests.test_flow_morning_briefing.TestGenerateMorningBriefing" name="test_history_builds_chat_context" time="0.012" /><testcase classname="tests.test_flow_morning_briefing.TestGenerateMorningBriefing" name="test_memories_fetched" time="0.014" /><testcase classname="tests.test_flow_morning_briefing.TestGenerateMorningBriefing" name="test_no_chat_id_skips_telegram" time="0.011" /><testcase classname="tests.test_flow_morning_briefing.TestGenerateMorningBriefing" name="test_no_plan_uses_free_run_context" time="0.012" /><testcase classname="tests.test_flow_morning_briefing.TestGenerateMorningBriefing" name="test_none_gemini_response_text_sends_fallback" time="0.011" /><testcase classname="tests.test_flow_morning_briefing.TestGenerateMorningBriefing" name="test_saves_message_to_db" time="0.013" /><testcase classname="tests.test_flow_morning_briefing.TestGenerateMorningBriefing" name="test_sends_telegram_message" time="0.011" /><testcase classname="tests.test_flow_run_analysis.TestAnalyzeRunWithGemini" name="test_empty_analysis_text_returned_as_empty_string" time="0.012" /><testcase classname="tests.test_flow_run_analysis.TestAnalyzeRunWithGemini" name="test_gemini_exception_does_not_update_gcs" time="0.012" /><testcase classname="tests.test_flow_run_analysis.TestAnalyzeRunWithGemini" name="test_gemini_exception_returns_none" time="0.071" /><testcase classname="tests.test_flow_run_analysis.TestAnalyzeRunWithGemini" name="test_meta_data_without_start_date_uses_today" time="0.012" /><testcase classname="tests.test_flow_run_analysis.TestAnalyzeRunWithGemini" name="test_no_plan_skips_update_plan_status" time="0.012" /><testcase classname="tests.test_flow_run_analysis.TestAnalyzeRunWithGemini" name="test_plan_found_marks_completed" time="0.012" /><testcase classname="tests.test_flow_run_analysis.TestAnalyzeRunWithGemini" name="test_success_returns_analysis_text" time="0.014" /><testcase classname="tests.test_flow_run_analysis.TestAnalyzeRunWithGemini" name="test_success_saves_message" time="0.012" /><testcase classname="tests.test_flow_run_analysis.TestAnalyzeRunWithGemini" name="test_success_updates_gcs_score" time="0.012" /><testcase classname="tests.test_flow_weekly_reflection.TestGenerateWeeklyReflection" name="test_gemini_exception_does_not_crash" time="0.012" /><testcase classname="tests.test_flow_weekly_reflection.TestGenerateWeeklyReflection" name="test_memories_passed_to_prompt_builder" time="0.012" /><testcase classname="tests.test_flow_weekly_reflection.TestGenerateWeeklyReflection" name="test_no_chat_id_skips_telegram" time="0.012" /><testcase classname="tests.test_flow_weekly_reflection.TestGenerateWeeklyReflection" name="test_no_chat_id_still_calls_rag_memorize" time="0.011" /><testcase classname="tests.test_flow_weekly_reflection.TestGenerateWeeklyReflection" name="test_no_memories_uses_default_text" time="0.013" /><testcase classname="tests.test_flow_weekly_reflection.TestGenerateWeeklyReflection" name="test_rag_failure_does_not_abort_save_message" time="0.011" /><testcase classname="tests.test_flow_weekly_reflection.TestGenerateWeeklyReflection" name="test_rag_failure_does_not_abort_telegram" time="0.011" /><testcase classname="tests.test_flow_weekly_reflection.TestGenerateWeeklyReflection" name="test_rag_memorize_called_with_correct_doc_id" time="0.014" /><testcase classname="tests.test_flow_weekly_reflection.TestGenerateWeeklyReflection" name="test_rag_memorize_content_contains_reflection_text" time="0.014" /><testcase classname="tests.test_flow_weekly_reflection.TestGenerateWeeklyReflection" name="test_rag_memorize_domain_is_coach" time="0.012" /><testcase classname="tests.test_flow_weekly_reflection.TestGenerateWeeklyReflection" name="test_save_message_called" time="0.012" /><testcase classname="tests.test_flow_weekly_reflection.TestGenerateWeeklyReflection" name="test_telegram_called_with_reflection_text" time="0.015" /><testcase classname="tests.test_harvest.TestBuildActivityRecord" name="test_activity_id_from_activity_id_key" time="0.001" /><testcase classname="tests.test_harvest.TestBuildActivityRecord" name="test_basic_conversion" time="0.001" /><testcase classname="tests.test_harvest.TestBuildActivityRecord" name="test_missing_optional_fields" time="0.001" /><testcase classname="tests.test_harvest.TestBuildActivityRecord" name="test_none_suffer_score" time="0.001" /><testcase classname="tests.test_harvest.TestBuildActivityRecord" name="test_zero_distance" time="0.001" /><testcase classname="tests.test_harvest.TestHarvestData" name="test_harvest_aborts_without_chat_id" time="0.004" /><testcase classname="tests.test_harvest.TestHarvestData" name="test_harvest_saves_only_runs" time="2.012" /><testcase classname="tests.test_harvest.TestExecuteManualSync" name="test_sync_fetches_streams_for_missing_rag" time="0.014" /><testcase classname="tests.test_harvest.TestExecuteManualSync" name="test_sync_filters_non_run_activities" time="0.006" /><testcase classname="tests.test_harvest.TestExecuteManualSync" name="test_sync_month_filters_by_date" time="0.009" /><testcase classname="tests.test_harvest.TestExecuteManualSync" name="test_sync_skips_existing_rag_memories" time="0.014" /><testcase classname="tests.test_harvest.TestExecuteManualSync" name="test_sync_with_no_activities_sends_warning" time="0.006" /><testcase classname="tests.test_harvest.TestHarvestActivityTypes" name="test_harvest_includes_virtual_run" time="1.011" /><testcase classname="tests.test_harvest.TestHarvestActivityTypes" name="test_save_failure_on_one_activity_continues_to_next" time="2.011" /><testcase classname="tests.test_harvest.TestManualSyncRateLimiting" name="test_sleep_between_activities" time="0.013" /><testcase classname="tests.test_intent_classification.TestFastExactWhitelist" name="test_greeting_hi" time="0.001" /><testcase classname="tests.test_intent_classification.TestFastExactWhitelist" name="test_greeting_hello" time="0.001" /><testcase classname="tests.test_intent_classification.TestFastExactWhitelist" name="test_greeting_ok" time="0.001" /><testcase classname="tests.test_intent_classification.TestFastExactWhitelist" name="test_greeting_thanks" time="0.001" /><testcase classname="tests.test_intent_classification.TestFastExactWhitelist" name="test_greeting_cam_on_no_diacritics" time="0.001" /><testcase classname="tests.test_intent_classification.TestFastExactWhitelist" name="test_greeting_chao_no_diacritics" time="0.001" /><testcase classname="tests.test_intent_classification.TestFastExactWhitelist" name="test_greeting_with_diacritics" time="0.001" /><testcase classname="tests.test_intent_classification.TestFastExactWhitelist" name="test_emoji_thumbsup" time="0.001" /><testcase classname="tests.test_intent_classification.TestStandardKeywordRouting" name="test_lich_trinh_no_diacritics" time="0.001" /><testcase classname="tests.test_intent_classification.TestStandardKeywordRouting" name="test_lich_with_diacritics" time="0.001" /><testcase classname="tests.test_intent_classification.TestStandardKeywordRouting" name="test_training_schedule_english" time="0.001" /><testcase classname="tests.test_intent_classification.TestStandardKeywordRouting" name="test_analyze_run" time="0.001" /><testcase classname="tests.test_intent_classification.TestStandardKeywordRouting" name="test_ke_hoach_no_diacritics" time="0.001" /><testcase classname="tests.test_intent_classification.TestStandardKeywordRouting" name="test_muc_tieu" time="0.001" /><testcase classname="tests.test_intent_classification.TestStandardKeywordRouting" name="test_tuan_toi_no_diacritics" time="0.001" /><testcase classname="tests.test_intent_classification.TestStandardKeywordRouting" name="test_pace_english" time="0.001" /><testcase classname="tests.test_intent_classification.TestStandardKeywordRouting" name="test_acwr" time="0.001" /><testcase classname="tests.test_intent_classification.TestStandardKeywordRouting" name="test_km" time="0.001" /><testcase classname="tests.test_intent_classification.TestStandardKeywordRouting" name="test_giao_an" time="0.001" /><testcase classname="tests.test_intent_classification.TestLongTextDefaultsToStandard" name="test_long_text_over_80_chars" time="0.001" /><testcase classname="tests.test_intent_classification.TestLongTextDefaultsToStandard" name="test_exactly_80_chars_unknown" time="0.001" /><testcase classname="tests.test_intent_classification.TestSafeDefault" name="test_unknown_short_text" time="0.002" /><testcase classname="tests.test_intent_classification.TestSafeDefault" name="test_empty_string" time="0.001" /><testcase classname="tests.test_intent_classification.TestSafeDefault" name="test_whitespace_only" time="0.002" /><testcase classname="tests.test_intent_classification.TestSafeDefault" name="test_number_only" time="0.002" /><testcase classname="tests.test_intent_classification.TestDiacriticFolding" name="test_folded_tap_matches_tap_with_diacritics" time="0.001" /><testcase classname="tests.test_intent_classification.TestDiacriticFolding" name="test_folded_lich_matches_keyword" time="0.001" /><testcase classname="tests.test_intent_classification.TestDiacriticFolding" name="test_en_keyword_exact" time="0.001" /><testcase classname="tests.test_intent_classification.TestDegenerateResponse" name="test_none_is_degenerate" time="0.001" /><testcase classname="tests.test_intent_classification.TestDegenerateResponse" name="test_empty_string_is_degenerate" time="0.001" /><testcase classname="tests.test_intent_classification.TestDegenerateResponse" name="test_short_string_is_not_degenerate" time="0.001" /><testcase classname="tests.test_intent_classification.TestDegenerateResponse" name="test_normal_reply_not_degenerate" time="0.001" /><testcase classname="tests.test_metrics_engine.TestComputeEasyRun" name="test_returns_dict" time="0.042" /><testcase classname="tests.test_metrics_engine.TestComputeEasyRun" name="test_avg_pace_computed" time="0.030" /><testcase classname="tests.test_metrics_engine.TestComputeEasyRun" name="test_workout_type_easy" time="0.028" /><testcase classname="tests.test_metrics_engine.TestComputeEasyRun" name="test_hr_zones_json" time="0.029" /><testcase classname="tests.test_metrics_engine.TestComputeEasyRun" name="test_cadence_spm" time="0.020" /><testcase classname="tests.test_metrics_engine.TestIntervalDetection" name="test_workout_type_interval" time="0.008" /><testcase classname="tests.test_metrics_engine.TestIntervalDetection" name="test_reps_detected" time="0.009" /><testcase classname="tests.test_metrics_engine.TestIntervalDetection" name="test_interval_avg_pace" time="0.008" /><testcase classname="tests.test_metrics_engine.TestIntervalDetection" name="test_max_velocity" time="0.008" /><testcase classname="tests.test_metrics_engine.TestNoHrStream" name="test_no_crash" time="0.003" /><testcase classname="tests.test_metrics_engine.TestNoHrStream" name="test_hr_fields_none" time="0.003" /><testcase classname="tests.test_metrics_engine.TestNoHrStream" name="test_pace_still_computed" time="0.003" /><testcase classname="tests.test_metrics_engine.TestNoPowerStream" name="test_power_fields_none" time="0.006" /><testcase classname="tests.test_metrics_engine.TestNoPowerStream" name="test_power_with_data" time="0.004" /><testcase classname="tests.test_metrics_engine.TestTempoNotFalsePositiveInterval" name="test_single_block_is_tempo" time="0.019" /><testcase classname="tests.test_metrics_engine.TestEmptyArrays" name="test_empty_streams" time="0.001" /><testcase classname="tests.test_metrics_engine.TestEmptyArrays" name="test_very_short_streams" time="0.001" /><testcase classname="tests.test_metrics_engine.TestBuildRunMetricsBlock" name="test_empty_metrics_returns_empty_string" time="0.001" /><testcase classname="tests.test_metrics_engine.TestBuildRunMetricsBlock" name="test_none_metrics_returns_empty_string" time="0.001" /><testcase classname="tests.test_metrics_engine.TestBuildRunMetricsBlock" name="test_basic_output" time="0.001" /><testcase classname="tests.test_metrics_engine.TestBuildRunMetricsBlock" name="test_capped_at_700_chars" time="0.001" /><testcase classname="tests.test_metrics_engine.TestBuildRunMetricsBlock" name="test_power_section_skipped_when_none" time="0.001" /><testcase classname="tests.test_news_agent_thinking.TestExtractText" name="test_fallback_to_response_text_on_exception" time="0.002" /><testcase classname="tests.test_news_agent_thinking.TestExtractText" name="test_filters_thinking_part_thought_true" time="0.003" /><testcase classname="tests.test_news_agent_thinking.TestExtractText" name="test_joins_multiple_non_thinking_parts" time="0.003" /><testcase classname="tests.test_news_agent_thinking.TestExtractText" name="test_parts_without_text_attribute_are_skipped" time="0.003" /><testcase classname="tests.test_news_agent_thinking.TestExtractText" name="test_returns_none_for_empty_candidates" time="0.001" /><testcase classname="tests.test_news_agent_thinking.TestExtractText" name="test_returns_none_when_only_thinking_parts" time="0.002" /><testcase classname="tests.test_news_agent_thinking.TestExtractText" name="test_returns_single_non_thinking_part" time="0.003" /><testcase classname="tests.test_news_agent_thinking.TestExtractText" name="test_strips_surrounding_whitespace" time="0.002" /><testcase classname="tests.test_news_agent_thinking.TestStripThoughtPreamble" name="test_anchors_on_check_emoji" time="0.001" /><testcase classname="tests.test_news_agent_thinking.TestStripThoughtPreamble" name="test_anchors_on_html_anchor_tag" time="0.001" /><testcase classname="tests.test_news_agent_thinking.TestStripThoughtPreamble" name="test_anchors_on_html_bold_tag" time="0.001" /><testcase classname="tests.test_news_agent_thinking.TestStripThoughtPreamble" name="test_anchors_on_html_italic_tag" time="0.001" /><testcase classname="tests.test_news_agent_thinking.TestStripThoughtPreamble" name="test_case_insensitive_prefix_match" time="0.001" /><testcase classname="tests.test_news_agent_thinking.TestStripThoughtPreamble" name="test_empty_string_passes_through" time="0.001" /><testcase classname="tests.test_news_agent_thinking.TestStripThoughtPreamble" name="test_no_preamble_passes_through" time="0.001" /><testcase classname="tests.test_news_agent_thinking.TestStripThoughtPreamble" name="test_normal_news_output_unmodified" time="0.001" /><testcase classname="tests.test_news_agent_thinking.TestStripThoughtPreamble" name="test_returns_none_when_all_thinking_no_anchor" time="0.001" /><testcase classname="tests.test_news_agent_thinking.TestStripThoughtPreamble" name="test_strips_thought_newline_preamble" time="0.001" /><testcase classname="tests.test_news_agent_thinking.TestStripThoughtPreamble" name="test_strips_thought_space_preamble" time="0.001" /><testcase classname="tests.test_news_agent_thinking.TestStripThoughtPreamble" name="test_strips_thoughtful_preamble" time="0.001" /><testcase classname="tests.test_news_agent_thinking.TestStripThoughtPreamble" name="test_strips_thoughts_plural" time="0.001" /><testcase classname="tests.test_news_agent_thinking.TestCallGeminiWithSearch" name="test_clean_response_returned" time="0.008" /><testcase classname="tests.test_news_agent_thinking.TestCallGeminiWithSearch" name="test_returns_none_on_gemini_exception" time="0.003" /><testcase classname="tests.test_news_agent_thinking.TestCallGeminiWithSearch" name="test_returns_none_when_only_thinking_and_no_anchor" time="0.004" /><testcase classname="tests.test_news_agent_thinking.TestCallGeminiWithSearch" name="test_thinking_part_filtered_out" time="0.006" /><testcase classname="tests.test_news_agent_thinking.TestCallGeminiWithSearch" name="test_thinking_preamble_stripped_when_thought_attr_absent" time="0.009" /><testcase classname="tests.test_news_agent_thinking.TestDockerIntegration" name="test_health_endpoint_responds" time="0.001"><skipped type="pytest.skip" message="set INTEGRATION_TEST=1 to run against live Docker">/home/tinhn/repo/Personal_AI_OS/tests/test_news_agent_thinking.py:319: set INTEGRATION_TEST=1 to run against live Docker</skipped></testcase><testcase classname="tests.test_news_agent_thinking.TestDockerIntegration" name="test_news_on_demand_sends_no_thought_prefix" time="0.000"><skipped type="pytest.skip" message="set INTEGRATION_TEST=1 to run against live Docker">/home/tinhn/repo/Personal_AI_OS/tests/test_news_agent_thinking.py:377: set INTEGRATION_TEST=1 to run against live Docker</skipped></testcase><testcase classname="tests.test_news_agent_thinking.TestDockerIntegration" name="test_no_error_lines_in_recent_logs" time="0.000"><skipped type="pytest.skip" message="set INTEGRATION_TEST=1 to run against live Docker">/home/tinhn/repo/Personal_AI_OS/tests/test_news_agent_thinking.py:334: set INTEGRATION_TEST=1 to run against live Docker</skipped></testcase><testcase classname="tests.test_news_agent_thinking.TestDockerIntegration" name="test_no_thinking_text_in_recent_news_logs" time="0.001"><skipped type="pytest.skip" message="set INTEGRATION_TEST=1 to run against live Docker">/home/tinhn/repo/Personal_AI_OS/tests/test_news_agent_thinking.py:354: set INTEGRATION_TEST=1 to run against live Docker</skipped></testcase><testcase classname="tests.test_news_agent_thinking.TestDockerIntegration" name="test_webhook_endpoint_reachable" time="0.000"><skipped type="pytest.skip" message="set INTEGRATION_TEST=1 to run against live Docker">/home/tinhn/repo/Personal_AI_OS/tests/test_news_agent_thinking.py:325: set INTEGRATION_TEST=1 to run against live Docker</skipped></testcase><testcase classname="tests.test_news_memory.TestMergeTopics" name="test_deduplicates" time="0.001" /><testcase classname="tests.test_news_memory.TestMergeTopics" name="test_respects_max" time="0.001" /><testcase classname="tests.test_news_memory.TestMergeTopics" name="test_strips_whitespace" time="0.001" /><testcase classname="tests.test_news_memory.TestParseExtraction" name="test_empty_string_returns_none" time="0.001" /><testcase classname="tests.test_news_memory.TestParseExtraction" name="test_invalid_json_returns_none" time="0.001" /><testcase classname="tests.test_news_memory.TestParseExtraction" name="test_json_with_markdown_fences" time="0.001" /><testcase classname="tests.test_news_memory.TestParseExtraction" name="test_valid_json" time="0.001" /><testcase classname="tests.test_news_memory.TestLoadNewsMemory" name="test_handles_corrupt_json_gracefully" time="0.002" /><testcase classname="tests.test_news_memory.TestLoadNewsMemory" name="test_parses_liked_topics" time="0.001" /><testcase classname="tests.test_news_memory.TestLoadNewsMemory" name="test_returns_defaults_when_no_state" time="0.001" /><testcase classname="tests.test_news_memory.TestSaveNewsMemory" name="test_delegates_to_set_news_state" time="0.002" /><testcase classname="tests.test_news_memory.TestExtractAndSaveSignals" name="test_graceful_on_api_error" time="0.003" /><testcase classname="tests.test_news_memory.TestExtractAndSaveSignals" name="test_no_save_when_no_signals" time="0.005" /><testcase classname="tests.test_news_memory.TestExtractAndSaveSignals" name="test_saves_liked_topics" time="0.004" /><testcase classname="tests.test_news_memory.TestRunExtractInBackground" name="test_spawns_thread" time="0.053" /><testcase classname="tests.test_notification.TestSanitizeMdToTgHtml" name="test_anchor_link_passes_through_intact" time="0.001" /><testcase classname="tests.test_notification.TestSanitizeMdToTgHtml" name="test_bold_html_tags_injected_by_ai_are_preserved" time="0.001" /><testcase classname="tests.test_notification.TestSanitizeMdToTgHtml" name="test_bold_markdown_converts_to_html" time="0.001" /><testcase classname="tests.test_notification.TestSanitizeMdToTgHtml" name="test_bullet_asterisk_converts_to_dot" time="0.001" /><testcase classname="tests.test_notification.TestSanitizeMdToTgHtml" name="test_bullet_dash_converts_to_dot" time="0.001" /><testcase classname="tests.test_notification.TestSanitizeMdToTgHtml" name="test_empty_string_returns_empty" time="0.001" /><testcase classname="tests.test_notification.TestSanitizeMdToTgHtml" name="test_h1_header_converts_to_bold" time="0.001" /><testcase classname="tests.test_notification.TestSanitizeMdToTgHtml" name="test_html_special_chars_are_escaped" time="0.001" /><testcase classname="tests.test_notification.TestSanitizeMdToTgHtml" name="test_markdown_header_converts_to_bold" time="0.001" /><testcase classname="tests.test_notification.TestSanitizeMdToTgHtml" name="test_mixed_markdown_and_special_chars" time="0.001" /><testcase classname="tests.test_notification.TestSanitizeMdToTgHtml" name="test_multiline_output_handles_each_line" time="0.001" /><testcase classname="tests.test_notification.TestSanitizeMdToTgHtml" name="test_multiple_bold_segments" time="0.001" /><testcase classname="tests.test_notification.TestSanitizeMdToTgHtml" name="test_none_input_returns_none" time="0.001" /><testcase classname="tests.test_notification.TestSanitizeMdToTgHtml" name="test_plain_text_passes_through_unchanged" time="0.002" /><testcase classname="tests.test_notification.TestSanitizeMdToTgHtml" name="test_special_chars_in_text_outside_tags_are_escaped" time="0.001" /><testcase classname="tests.test_notification.TestSanitizeMdToTgHtml" name="test_strip_html_removes_tags_and_unescapes" time="0.001" /><testcase classname="tests.test_notification.TestSanitizeMdToTgHtml" name="test_unclosed_b_tag_is_balanced" time="0.001" /><testcase classname="tests.test_notification.TestSendTelegramMsg" name="test_fallback_text_has_no_html_tags" time="0.004" /><testcase classname="tests.test_notification.TestSendTelegramMsg" name="test_fallback_to_plain_text_on_400" time="0.006" /><testcase classname="tests.test_notification.TestSendTelegramMsg" name="test_network_exception_does_not_raise" time="0.003" /><testcase classname="tests.test_notification.TestSendTelegramMsg" name="test_no_token_skips_request" time="0.003" /><testcase classname="tests.test_notification.TestSendTelegramMsg" name="test_sends_with_html_parse_mode" time="0.004" /><testcase classname="tests.test_notification.TestSendTypingAction" name="test_exception_is_silently_ignored" time="0.003" /><testcase classname="tests.test_notification.TestSendTypingAction" name="test_no_token_returns_without_crash" time="0.001" /><testcase classname="tests.test_notification.TestSendTypingAction" name="test_sends_typing_action" time="0.003" /><testcase classname="tests.test_notification_document.TestSendDocumentIntegration" name="test_send_document_for_large_message" time="0.006" /><testcase classname="tests.test_notification_document.TestSendDocumentIntegration" name="test_send_document_handles_non_200" time="0.005" /><testcase classname="tests.test_scheduler.TestTaskMorningBriefing" name="test_no_chat_id_skips_briefing" time="0.002" /><testcase classname="tests.test_scheduler.TestTaskMorningBriefing" name="test_with_chat_id_calls_generate_morning_briefing" time="0.003" /><testcase classname="tests.test_scheduler.TestTaskMorningBriefing" name="test_with_chat_id_calls_get_today_weather" time="0.004" /><testcase classname="tests.test_scheduler.TestTaskWeeklyReflection" name="test_always_calls_generate_weekly_reflection" time="0.004" /><testcase classname="tests.test_scheduler.TestTaskWeeklyReflection" name="test_no_chat_id_skips_extract_but_still_reflects" time="0.003" /><testcase classname="tests.test_scheduler.TestTaskWeeklyReflection" name="test_with_chat_id_calls_extract_implicit_memory" time="0.005" /><testcase classname="tests.test_scheduler.TestTaskProactiveCoachCheck" name="test_acwr_above_1_3_sends_warning_alert" time="0.004" /><testcase classname="tests.test_scheduler.TestTaskProactiveCoachCheck" name="test_acwr_above_1_5_sends_critical_alert" time="0.004" /><testcase classname="tests.test_scheduler.TestTaskProactiveCoachCheck" name="test_acwr_below_1_3_sends_no_load_alert" time="0.003" /><testcase classname="tests.test_scheduler.TestTaskProactiveCoachCheck" name="test_acwr_exactly_1_3_sends_no_alert" time="0.004" /><testcase classname="tests.test_scheduler.TestTaskProactiveCoachCheck" name="test_alert_sent_to_correct_chat_id" time="0.004" /><testcase classname="tests.test_scheduler.TestTaskProactiveCoachCheck" name="test_high_acwr_and_taper_sends_two_alerts" time="0.004" /><testcase classname="tests.test_scheduler.TestTaskProactiveCoachCheck" name="test_no_chat_id_sends_no_alerts" time="0.003" /><testcase classname="tests.test_scheduler.TestTaskProactiveCoachCheck" name="test_weeks_left_1_sends_taper_reminder" time="0.004" /><testcase classname="tests.test_scheduler.TestTaskProactiveCoachCheck" name="test_weeks_left_2_sends_taper_reminder" time="0.004" /><testcase classname="tests.test_scheduler.TestTaskProactiveCoachCheck" name="test_weeks_left_3_sends_taper_reminder" time="0.004" /><testcase classname="tests.test_scheduler.TestTaskProactiveCoachCheck" name="test_weeks_left_4_no_taper_reminder" time="0.003" /><testcase classname="tests.test_scheduler.TestTaskLogAudit" name="test_none_user_id_skips_audit" time="0.002" /><testcase classname="tests.test_scheduler.TestTaskLogAudit" name="test_run_audit_returns_count" time="0.002" /><testcase classname="tests.test_scheduler.TestTaskLogAudit" name="test_string_none_user_id_skips_audit" time="0.002" /><testcase classname="tests.test_scheduler.TestTaskLogAudit" name="test_valid_user_id_calls_run_audit" time="0.002" /><testcase classname="tests.test_scheduler.TestTaskLogAudit" name="test_zero_audit_entries_does_not_crash" time="0.002" /><testcase classname="tests.test_scheduler.TestSetupJobs" name="test_core_jobs_always_added" time="0.004" /><testcase classname="tests.test_scheduler.TestSetupJobs" name="test_invalid_backup_time_falls_back_to_default" time="0.004" /><testcase classname="tests.test_scheduler.TestSetupJobs" name="test_invalid_briefing_time_falls_back_to_default" time="0.005" /><testcase classname="tests.test_scheduler.TestSetupJobs" name="test_news_disabled_does_not_add_news_jobs" time="0.004" /><testcase classname="tests.test_scheduler.TestSetupJobs" name="test_news_enabled_adds_news_jobs" time="0.005" /><testcase classname="tests.test_scheduler.TestSetupJobs" name="test_total_jobs_with_news_enabled" time="0.004" /><testcase classname="tests.test_scheduler.TestSetupJobs" name="test_total_jobs_without_news" time="0.004" /><testcase classname="tests.test_scheduler.TestSchedulerTaskExceptionRecovery" name="test_afternoon_news_exception_does_not_propagate" time="0.003" /><testcase classname="tests.test_scheduler.TestSchedulerTaskExceptionRecovery" name="test_auto_harvest_exception_does_not_propagate" time="0.002" /><testcase classname="tests.test_scheduler.TestSchedulerTaskExceptionRecovery" name="test_evening_news_exception_does_not_propagate" time="0.002" /><testcase classname="tests.test_scheduler.TestSchedulerTaskExceptionRecovery" name="test_log_audit_exception_does_not_propagate" time="0.003" /><testcase classname="tests.test_scheduler.TestSchedulerTaskExceptionRecovery" name="test_morning_briefing_exception_does_not_propagate" time="0.003" /><testcase classname="tests.test_scheduler.TestSchedulerTaskExceptionRecovery" name="test_morning_news_exception_does_not_propagate" time="0.003" /><testcase classname="tests.test_scheduler.TestSchedulerTaskExceptionRecovery" name="test_proactive_coach_check_exception_does_not_propagate" time="0.003" /><testcase classname="tests.test_scheduler.TestSchedulerTaskExceptionRecovery" name="test_weekly_reflection_exception_does_not_propagate" time="0.003" /><testcase classname="tests.test_sdk_contracts" name="test_http_options_timeout_field_is_milliseconds" time="0.003" /><testcase classname="tests.test_sdk_contracts" name="test_http_options_timeout_converts_to_seconds_correctly" time="0.001" /><testcase classname="tests.test_sdk_contracts" name="test_all_http_options_timeouts_are_safe" time="0.315" /><testcase classname="tests.test_sdk_contracts" name="test_no_bare_genai_client_with_tiny_timeout" time="0.003" /><testcase classname="tests.test_smoke.TestCoreImports" name="test_config_importable" time="0.001" /><testcase classname="tests.test_smoke.TestCoreImports" name="test_database_importable" time="0.001" /><testcase classname="tests.test_smoke.TestCoreImports" name="test_gemini_utils_importable" time="0.001" /><testcase classname="tests.test_smoke.TestCoreImports" name="test_notification_importable" time="0.001" /><testcase classname="tests.test_smoke.TestCoreImports" name="test_timezone_utils_importable" time="0.001" /><testcase classname="tests.test_smoke.TestCoreImports" name="test_user_context_importable" time="0.001" /><testcase classname="tests.test_smoke.TestRouterImports" name="test_admin_auth_importable" time="0.001" /><testcase classname="tests.test_smoke.TestRouterImports" name="test_audit_router_importable" time="0.001" /><testcase classname="tests.test_smoke.TestRouterImports" name="test_execute_sync_all_importable" time="0.001" /><testcase classname="tests.test_smoke.TestRouterImports" name="test_metrics_router_importable" time="0.001" /><testcase classname="tests.test_smoke.TestRouterImports" name="test_webhooks_router_importable" time="0.001" /><testcase classname="tests.test_smoke.TestServiceImports" name="test_coverage_metrics_importable" time="0.001" /><testcase classname="tests.test_smoke.TestServiceImports" name="test_scheduler_importable" time="0.001" /><testcase classname="tests.test_smoke.TestServiceImports" name="test_telegram_router_importable" time="0.001" /><testcase classname="tests.test_smoke.TestCoachAgentImports" name="test_coach_agent_importable" time="0.001" /><testcase classname="tests.test_smoke.TestCoachAgentImports" name="test_coach_agent_intent_symbols" time="0.001" /><testcase classname="tests.test_smoke.TestCoachAgentImports" name="test_database_computed_metrics_functions" time="0.001" /><testcase classname="tests.test_smoke.TestCoachAgentImports" name="test_metrics_engine_importable" time="0.001" /><testcase classname="tests.test_smoke.TestCoachAgentImports" name="test_new_tools_importable" time="0.001" /><testcase classname="tests.test_smoke.TestCoachAgentImports" name="test_prompts_build_core_system_instruction" time="0.001" /><testcase classname="tests.test_smoke.TestCoachAgentImports" name="test_prompts_build_system_instruction" time="0.001" /><testcase classname="tests.test_smoke.TestCoachAgentImports" name="test_prompts_get_shared_context_block" time="0.001" /><testcase classname="tests.test_smoke.TestNewsAgentImports" name="test_generate_on_demand_briefing_importable" time="0.001" /><testcase classname="tests.test_smoke.TestNewsAgentImports" name="test_news_agent_importable" time="0.001" /><testcase classname="tests.test_smoke.TestNewsAgentImports" name="test_news_chat_handler_importable" time="0.001" /><testcase classname="tests.test_smoke.TestNewsAgentImports" name="test_news_memory_importable" time="0.001" /><testcase classname="tests.test_smoke.TestNewsAgentImports" name="test_news_on_demand_prompt_importable" time="0.001" /><testcase classname="tests.test_smoke.TestNewsAgentImports" name="test_news_prompts_importable" time="0.001" /><testcase classname="tests.test_smoke.TestNewsAgentImports" name="test_news_topic_prompt_importable" time="0.001" /><testcase classname="tests.test_smoke.TestNewsAgentImports" name="test_session_prompt_importable" time="0.001" /><testcase classname="tests.test_smoke.TestNewsAgentImports" name="test_telegram_handler_importable" time="0.001" /><testcase classname="tests.test_smoke.TestSDKContracts" name="test_gemini_http_options_timeout_unit_unchanged" time="0.003" /><testcase classname="tests.test_smoke.TestLoggingConfImports" name="test_apply_log_levels_importable" time="0.001" /><testcase classname="tests.test_smoke.TestLoggingConfImports" name="test_console_save_log_levels_importable" time="0.001" /><testcase classname="tests.test_smoke.TestLoggingConfImports" name="test_get_effective_log_levels_importable" time="0.001" /><testcase classname="tests.test_smoke.TestLoggingConfImports" name="test_get_module_logger_importable" time="0.001" /><testcase classname="tests.test_smoke.TestLoggingConfImports" name="test_known_domains_importable" time="0.001" /><testcase classname="tests.test_strava_client.TestTokenCaching" name="test_expired_token_triggers_refresh" time="0.006" /><testcase classname="tests.test_strava_client.TestTokenCaching" name="test_first_call_refreshes_token" time="0.004" /><testcase classname="tests.test_strava_client.TestTokenCaching" name="test_second_call_uses_cache" time="0.004" /><testcase classname="tests.test_strava_client.TestTokenCaching" name="test_token_refresh_failure_returns_none" time="0.003" /><testcase classname="tests.test_strava_client.TestGetActivityData" name="test_502_transient_returns_none_tuple" time="0.003" /><testcase classname="tests.test_strava_client.TestGetActivityData" name="test_api_error_returns_none_tuple" time="0.002" /><testcase classname="tests.test_strava_client.TestGetActivityData" name="test_no_streams_returns_meta_only" time="0.003" /><testcase classname="tests.test_strava_client.TestGetActivityData" name="test_no_token_returns_none_tuple" time="0.002" /><testcase classname="tests.test_strava_client.TestGetActivityData" name="test_non_run_activity_returns_none" time="0.003" /><testcase classname="tests.test_strava_client.TestGetActivityData" name="test_rate_limited_returns_none_tuple" time="0.003" /><testcase classname="tests.test_strava_client.TestGetActivityData" name="test_timeout_returns_none_tuple" time="0.002" /><testcase classname="tests.test_strava_client.TestGetActivityStreamsRaw" name="test_error_status_returns_none" time="0.003" /><testcase classname="tests.test_strava_client.TestGetActivityStreamsRaw" name="test_network_error_returns_none" time="0.002" /><testcase classname="tests.test_strava_client.TestGetActivityStreamsRaw" name="test_no_token_returns_none" time="0.002" /><testcase classname="tests.test_strava_client.TestGetActivityStreamsRaw" name="test_success_returns_json" time="0.003" /><testcase classname="tests.test_strava_client.TestUpdateActivityDescription" name="test_failure_returns_false" time="0.002" /><testcase classname="tests.test_strava_client.TestUpdateActivityDescription" name="test_network_error_returns_false" time="0.002" /><testcase classname="tests.test_strava_client.TestUpdateActivityDescription" name="test_success_returns_true" time="0.003" /><testcase classname="tests.test_strava_client.TestGetRecentActivities" name="test_api_error_returns_empty_list" time="0.003" /><testcase classname="tests.test_strava_client.TestGetRecentActivities" name="test_network_error_returns_empty_list" time="0.002" /><testcase classname="tests.test_strava_client.TestGetRecentActivities" name="test_success_returns_list" time="0.002" /><testcase classname="tests.test_strava_client.TestGetAthleteStats" name="test_error_returns_none" time="0.002" /><testcase classname="tests.test_strava_client.TestGetAthleteStats" name="test_success_returns_km_distances" time="0.002" /><testcase classname="tests.test_stream_storage.TestGetStreamFilePath" name="test_handles_string_ids" time="0.001" /><testcase classname="tests.test_stream_storage.TestGetStreamFilePath" name="test_returns_relative_path" time="0.001" /><testcase classname="tests.test_stream_storage.TestSaveAndLoadActivityStream" name="test_load_empty_path_returns_none" time="0.001" /><testcase classname="tests.test_stream_storage.TestSaveAndLoadActivityStream" name="test_load_missing_file_returns_none" time="0.001" /><testcase classname="tests.test_stream_storage.TestSaveAndLoadActivityStream" name="test_load_returns_payload" time="0.002" /><testcase classname="tests.test_stream_storage.TestSaveAndLoadActivityStream" name="test_save_creates_file_with_expected_structure" time="0.002" /><testcase classname="tests.test_stream_storage.TestSaveAndLoadActivityStream" name="test_save_empty_dict_returns_none" time="0.001" /><testcase classname="tests.test_stream_storage.TestSaveAndLoadActivityStream" name="test_save_none_like_returns_none" time="0.001" /><testcase classname="tests.test_stream_storage.TestSaveAndLoadActivityStream" name="test_save_returns_relative_path" time="0.002" /><testcase classname="tests.test_stream_storage.TestGetStreamArrays" name="test_empty_streams_returns_none" time="0.001" /><testcase classname="tests.test_stream_storage.TestGetStreamArrays" name="test_missing_streams_key_returns_none" time="0.001" /><testcase classname="tests.test_stream_storage.TestGetStreamArrays" name="test_returns_flat_arrays" time="0.001" /><testcase classname="tests.test_telegram_chunking.TestChunkSizeBound" name="test_all_chunks_within_limit_full_briefing" time="0.003" /><testcase classname="tests.test_telegram_chunking.TestChunkSizeBound" name="test_all_chunks_within_limit_short_message" time="0.001" /><testcase classname="tests.test_telegram_chunking.TestChunkSizeBound" name="test_produces_multiple_chunks_for_large_input" time="0.002" /><testcase classname="tests.test_telegram_chunking.TestContentPreservation" name="test_no_content_loss_full_briefing" time="0.003" /><testcase classname="tests.test_telegram_chunking.TestContentPreservation" name="test_no_content_loss_simple_text" time="0.003" /><testcase classname="tests.test_telegram_chunking.TestContentPreservation" name="test_no_content_loss_single_topic" time="0.001" /><testcase classname="tests.test_telegram_chunking.TestContentPreservation" name="test_no_content_loss_tight_limit" time="0.002" /><testcase classname="tests.test_telegram_chunking.TestContentPreservation" name="test_single_chunk_for_short_message" time="0.001" /><testcase classname="tests.test_telegram_chunking.TestLinkPreservation" name="test_href_link_intact_in_chunk" time="0.001" /><testcase classname="tests.test_telegram_chunking.TestLinkPreservation" name="test_links_not_moved_to_end" time="0.001" /><testcase classname="tests.test_telegram_chunking.TestTagBalance" name="test_chunks_have_balanced_a_tags" time="0.002" /><testcase classname="tests.test_telegram_chunking.TestTagBalance" name="test_chunks_have_balanced_b_tags" time="0.002" /><testcase classname="tests.test_telegram_chunking.TestEdgeCases" name="test_empty_string_returns_empty_list_or_one_empty" time="0.001" /><testcase classname="tests.test_telegram_chunking.TestEdgeCases" name="test_message_at_exact_limit" time="0.001" /><testcase classname="tests.test_telegram_chunking.TestEdgeCases" name="test_message_one_over_limit" time="0.001" /><testcase classname="tests.test_telegram_chunking.TestEdgeCases" name="test_single_token_longer_than_limit" time="0.001" /><testcase classname="tests.test_telegram_chunking.TestEdgeCases" name="test_vietnamese_text_preserved" time="0.001" /><testcase classname="tests.test_telegram_router.TestRouteMessage" name="test_at_news_mid_sentence_routes_to_coach" time="0.001" /><testcase classname="tests.test_telegram_router.TestRouteMessage" name="test_at_news_no_query_returns_empty_cleaned" time="0.001" /><testcase classname="tests.test_telegram_router.TestRouteMessage" name="test_at_news_prefix_with_extra_spaces" time="0.001" /><testcase classname="tests.test_telegram_router.TestRouteMessage" name="test_at_news_routes_to_news" time="0.001" /><testcase classname="tests.test_telegram_router.TestRouteMessage" name="test_at_tin_routes_to_news" time="0.001" /><testcase classname="tests.test_telegram_router.TestRouteMessage" name="test_empty_text_routes_to_coach" time="0.001" /><testcase classname="tests.test_telegram_router.TestRouteMessage" name="test_no_prefix_routes_to_coach" time="0.001" /><testcase classname="tests.test_telegram_router.TestRouteMessage" name="test_prefix_case_insensitive" time="0.001" /><testcase classname="tests.test_telegram_router.TestRouteMessage" name="test_whitespace_only_routes_to_coach" time="0.001" /><testcase classname="tests.test_tools.TestCheckTrainingStatus" name="test_danger_zone_reflected_in_output" time="0.002" /><testcase classname="tests.test_tools.TestCheckTrainingStatus" name="test_output_is_single_line_string" time="0.003" /><testcase classname="tests.test_tools.TestCheckTrainingStatus" name="test_returns_acwr_string" time="0.002" /><testcase classname="tests.test_tools.TestCheckTrainingStatus" name="test_zero_loads_returns_no_chronic_data" time="0.002" /><testcase classname="tests.test_tools.TestGetRecentWorkouts" name="test_empty_log_returns_empty_message" time="0.002" /><testcase classname="tests.test_tools.TestGetRecentWorkouts" name="test_returns_log_string" time="0.002" /><testcase classname="tests.test_tools.TestUpdateTodaysPlan" name="test_calls_db_with_todays_date" time="0.002" /><testcase classname="tests.test_tools.TestUpdateTodaysPlan" name="test_returns_db_result" time="0.002" /><testcase classname="tests.test_tools.TestSetWorkoutPlan" name="test_passes_target_date_to_db" time="0.002" /><testcase classname="tests.test_tools.TestSetWorkoutPlan" name="test_returns_db_message" time="0.002" /><testcase classname="tests.test_tools.TestSetActualWeeklyTarget" name="test_does_not_overwrite_existing_standard_target" time="0.003" /><testcase classname="tests.test_tools.TestSetActualWeeklyTarget" name="test_failure_returns_error_message" time="0.002" /><testcase classname="tests.test_tools.TestSetActualWeeklyTarget" name="test_preserves_standard_target_from_db" time="0.002" /><testcase classname="tests.test_tools.TestSetActualWeeklyTarget" name="test_success_returns_confirmation" time="0.002" /><testcase classname="tests.test_tools.TestSearchLongTermMemory" name="test_empty_results_return_not_found_message" time="0.002" /><testcase classname="tests.test_tools.TestSearchLongTermMemory" name="test_none_results_return_not_found_message" time="0.002" /><testcase classname="tests.test_tools.TestSearchLongTermMemory" name="test_rag_exception_returns_error_string" time="0.002" /><testcase classname="tests.test_tools.TestSearchLongTermMemory" name="test_returns_formatted_memories" time="0.002" /><testcase classname="tests.test_tools.TestGetTotalRunStats" name="test_missing_file_returns_fallback_message" time="0.002" /><testcase classname="tests.test_tools.TestGetTotalRunStats" name="test_returns_formatted_stats" time="0.007" /><testcase classname="tests.test_tools.TestToolRouting" name="test_case_insensitive_routing" time="0.001" /><testcase classname="tests.test_tools.TestToolRouting" name="test_informational_query_gets_read_only_tools" time="0.001" /><testcase classname="tests.test_tools.TestToolRouting" name="test_mixed_message_with_write_keyword_gets_all_tools" time="0.001" /><testcase classname="tests.test_tools.TestToolRouting" name="test_write_keyword_triggers_write_tools" time="0.001" /><testcase classname="tests.test_tools_get_run_full_details.TestGetRunFullDetails" name="test_includes_stream_file_path_when_present" time="0.002" /><testcase classname="tests.test_tools_get_run_full_details.TestGetRunFullDetails" name="test_no_stream_path_line_when_path_empty" time="0.001" /><testcase classname="tests.test_tools_get_run_full_details.TestGetRunFullDetails" name="test_returns_not_found_message_when_no_raw" time="0.002" /><testcase classname="tests.test_utils.TestCalculateTrimp" name="test_custom_hr_zones_respected" time="0.001" /><testcase classname="tests.test_utils.TestCalculateTrimp" name="test_easy_run_is_low_trimp" time="0.001" /><testcase classname="tests.test_utils.TestCalculateTrimp" name="test_hard_run_exceeds_120_trimp" time="0.001" /><testcase classname="tests.test_utils.TestCalculateTrimp" name="test_hr_below_rest_hr_clamps_to_zero_trimp" time="0.001" /><testcase classname="tests.test_utils.TestCalculateTrimp" name="test_medium_run_is_tempo" time="0.001" /><testcase classname="tests.test_utils.TestCalculateTrimp" name="test_zero_duration_returns_zero" time="0.001" /><testcase classname="tests.test_utils.TestCalculateTrimp" name="test_zero_hr_returns_zero" time="0.001" /><testcase classname="tests.test_utils.TestCalculateAcwr" name="test_acwr_precision_two_decimals" time="0.001" /><testcase classname="tests.test_utils.TestCalculateAcwr" name="test_danger_zone_above_150" time="0.001" /><testcase classname="tests.test_utils.TestCalculateAcwr" name="test_overreaching_130_to_150" time="0.001" /><testcase classname="tests.test_utils.TestCalculateAcwr" name="test_sweet_spot_080_to_130" time="0.001" /><testcase classname="tests.test_utils.TestCalculateAcwr" name="test_undertraining_below_080" time="0.001" /><testcase classname="tests.test_utils.TestCalculateAcwr" name="test_zero_chronic_returns_no_data" time="0.001" /><testcase classname="tests.test_utils.TestCalculateTrainingPhase" name="test_base_phase_more_than_8_weeks" time="0.001" /><testcase classname="tests.test_utils.TestCalculateTrainingPhase" name="test_build_phase_5_to_8_weeks" time="0.001" /><testcase classname="tests.test_utils.TestCalculateTrainingPhase" name="test_cutback_week_every_4th_week" time="0.001" /><testcase classname="tests.test_utils.TestCalculateTrainingPhase" name="test_invalid_date_returns_error_phase" time="0.001" /><testcase classname="tests.test_utils.TestCalculateTrainingPhase" name="test_load_week_when_not_cutback" time="0.001" /><testcase classname="tests.test_utils.TestCalculateTrainingPhase" name="test_no_race_date_returns_base" time="0.001" /><testcase classname="tests.test_utils.TestCalculateTrainingPhase" name="test_peak_phase_3_to_4_weeks" time="0.001" /><testcase classname="tests.test_utils.TestCalculateTrainingPhase" name="test_race_in_past_returns_race_week" time="0.001" /><testcase classname="tests.test_utils.TestCalculateTrainingPhase" name="test_taper_phase_1_to_2_weeks" time="0.001" /><testcase classname="tests.test_utils.TestCalculateEfficiencyFactor" name="test_correct_formula" time="0.001" /><testcase classname="tests.test_utils.TestCalculateEfficiencyFactor" name="test_returns_float" time="0.001" /><testcase classname="tests.test_utils.TestCalculateEfficiencyFactor" name="test_zero_hr_returns_zero" time="0.001" /><testcase classname="tests.test_utils.TestCalculateGradeAdjustedPace" name="test_downhill_negative_grade_decreases_cost" time="0.001" /><testcase classname="tests.test_utils.TestCalculateGradeAdjustedPace" name="test_flat_terrain_no_change" time="0.001" /><testcase classname="tests.test_utils.TestCalculateGradeAdjustedPace" name="test_uphill_increases_pace_cost" time="0.001" /><testcase classname="tests.test_utils.TestAnalyzeDecoupling" name="test_cardiac_drift_detected" time="0.003" /><testcase classname="tests.test_utils.TestAnalyzeDecoupling" name="test_empty_df_returns_zero" time="0.001" /><testcase classname="tests.test_utils.TestAnalyzeDecoupling" name="test_none_returns_zero" time="0.001" /><testcase classname="tests.test_utils.TestAnalyzeDecoupling" name="test_perfect_consistency_near_zero_decoupling" time="0.002" /><testcase classname="tests.test_utils.TestAnalyzeDecoupling" name="test_returns_float" time="0.002" /><testcase classname="tests.test_utils.TestAnalyzeDecoupling" name="test_too_few_rows_returns_zero" time="0.001" /><testcase classname="tests.test_utils.TestCalculateHrZones" name="test_returns_five_zones" time="0.001" /><testcase classname="tests.test_utils.TestCalculateHrZones" name="test_zone1_min_is_50pct_hrr" time="0.001" /><testcase classname="tests.test_utils.TestCalculateHrZones" name="test_zone5_max_equals_max_hr" time="0.001" /><testcase classname="tests.test_utils.TestCalculateHrZones" name="test_zones_ascending" time="0.001" /><testcase classname="tests.test_utils.TestCalculatePaceZones" name="test_format_is_mm_ss" time="0.001" /><testcase classname="tests.test_utils.TestCalculatePaceZones" name="test_recovery_pace_slower_than_threshold" time="0.001" /><testcase classname="tests.test_utils.TestCalculatePaceZones" name="test_returns_six_zones" time="0.001" /><testcase classname="tests.test_utils.TestCalculatePaceZones" name="test_zone_has_name_and_range" time="0.001" /><testcase classname="tests.test_utils.TestCalculateTrImpGender" name="test_default_gender_is_male" time="0.001" /><testcase classname="tests.test_utils.TestCalculateTrImpGender" name="test_female_trimp_differs_from_male" time="0.001" /><testcase classname="tests.test_utils.TestCalculateTrImpGender" name="test_taper_factor_race_week_is_zero" time="0.001" /><testcase classname="tests.test_utils.TestCalculateTrImpGender" name="test_taper_factor_returned_in_training_phase" time="0.001" /><testcase classname="tests.test_webhooks.TestStravaWebhookVerification" name="test_invalid_token_returns_error" time="0.007" /><testcase classname="tests.test_webhooks.TestStravaWebhookVerification" name="test_missing_params_returns_error" time="0.007" /><testcase classname="tests.test_webhooks.TestStravaWebhookVerification" name="test_valid_token_returns_challenge" time="0.007" /><testcase classname="tests.test_webhooks.TestStravaWebhookCreate" name="test_create_activity_triggers_workflow" time="0.008" /><testcase classname="tests.test_webhooks.TestStravaWebhookCreate" name="test_non_activity_event_ignored" time="0.006" /><testcase classname="tests.test_webhooks.TestStravaWebhookCreate" name="test_update_event_ignored" time="0.006" /><testcase classname="tests.test_webhooks.TestStravaWebhookDelete" name="test_delete_activity_triggers_cleanup" time="0.009" /><testcase classname="tests.test_webhooks.TestStravaWorkflowOrchestration" name="test_full_create_workflow" time="0.012" /><testcase classname="tests.test_webhooks.TestStravaWorkflowOrchestration" name="test_workflow_skipped_when_paused" time="0.004" /><testcase classname="tests.test_webhooks.TestDeletedActivityCleanup" name="test_delete_cleans_all_layers" time="0.005" /><testcase classname="tests.test_webhooks.TestTelegramWebhook" name="test_empty_text_still_routes" time="0.008" /><testcase classname="tests.test_webhooks.TestTelegramWebhook" name="test_no_message_field_returns_ok" time="0.005" /><testcase classname="tests.test_webhooks.TestTelegramWebhook" name="test_regular_chat_routed_to_ai" time="0.010" /><testcase classname="tests.test_webhooks.TestTelegramWebhook" name="test_standup_command" time="0.010" /><testcase classname="tests.test_webhooks.TestTelegramWebhook" name="test_sync_command_default" time="0.008" /><testcase classname="tests.test_webhooks.TestTelegramWebhook" name="test_sync_command_month" time="0.008" /><testcase classname="tests.test_webhooks.TestTelegramWebhook" name="test_sync_command_with_limit" time="0.008" /><testcase classname="tests.test_webhooks.TestWebhookPayloadValidation" name="test_strava_webhook_malformed_json_rejected" time="0.005" /><testcase classname="tests.test_webhooks.TestWebhookPayloadValidation" name="test_strava_webhook_missing_required_fields_rejected" time="0.005" /><testcase classname="tests.test_webhooks.TestWebhookPayloadValidation" name="test_strava_webhook_null_body_rejected" time="0.005" /><testcase classname="tests.test_webhooks.TestWebhookPayloadValidation" name="test_strava_webhook_zero_object_id_rejected" time="0.005" /><testcase classname="tests.test_webhooks.TestWebhookPayloadValidation" name="test_telegram_webhook_malformed_json_returns_ok" time="0.005" /><testcase classname="tests.test_webhooks.TestWebhookPayloadValidation" name="test_telegram_webhook_null_body_returns_ok" time="0.005" /><testcase classname="tests.test_webhooks.TestDuplicateWebhookResilience" name="test_duplicate_creates_both_trigger" time="0.014" /></testsuite></testsuites>