<?xml version="1.0" encoding="utf-8"?><testsuites name="pytest tests"><testsuite name="pytest" errors="0" failures="0" skipped="0" tests="4" time="0.151" timestamp="2026-04-12T09:21:47.079316+07:00" hostname="t440"><testcase classname="tests.test_news" name="test_skip_articles_without_link_or_summary" time="0.002" /><testcase classname="tests.test_news" name="test_basic_briefing_uses_morning_template" time="0.001" /><testcase classname="tests.test_news" name="test_quiet_hours_respected" time="0.011" /><testcase classname="tests.test_news" name="test_alert_includes_links" time="0.001" /></testsuite></testsuites>