<?xml version="1.0" encoding="utf-8"?><testsuites name="pytest tests"><testsuite name="pytest" errors="0" failures="0" skipped="5" tests="976" time="22.827" timestamp="2026-05-02T20:57:57.919765+07:00" hostname="t440"><testcase classname="tests.test_agent.TestSendMessageWithRetry" name="test_non_503_error_raises_immediately_without_retry" time="0.007" /><testcase classname="tests.test_agent.TestSendMessageWithRetry" name="test_raises_after_max_retries" time="0.004" /><testcase classname="tests.test_agent.TestSendMessageWithRetry" name="test_retries_on_429_then_succeeds" time="0.005" /><testcase classname="tests.test_agent.TestSendMessageWithRetry" name="test_retries_on_503_then_succeeds" time="0.006" /><testcase classname="tests.test_agent.TestSendMessageWithRetry" name="test_success_on_first_try" time="0.004" /><testcase classname="tests.test_agent.TestHandleTelegramChat" name="test_active_memories_injected_into_standard_chat" time="0.039" /><testcase classname="tests.test_agent.TestHandleTelegramChat" name="test_api_error_sends_fallback_message_to_user" time="0.012" /><testcase classname="tests.test_agent.TestHandleTelegramChat" name="test_classify_intent_fast_for_short_messages" time="0.003" /><testcase classname="tests.test_agent.TestHandleTelegramChat" name="test_classify_intent_standard_for_analysis" time="0.001" /><testcase classname="tests.test_agent.TestHandleTelegramChat" name="test_classify_intent_standard_for_long_messages" time="0.001" /><testcase classname="tests.test_agent.TestHandleTelegramChat" name="test_clear_command_clears_history_and_notifies" time="0.071" /><testcase classname="tests.test_agent.TestHandleTelegramChat" name="test_normal_chat_calls_gemini_and_sends_reply" time="0.016" /><testcase classname="tests.test_agent.TestHandleTelegramChat" name="test_normal_chat_saves_both_user_and_model_messages" time="0.018" /><testcase classname="tests.test_agent.TestHandleTelegramChat" name="test_reset_command_also_clears_history" time="0.009" /><testcase classname="tests.test_agent.TestHandleTelegramChat" name="test_short_message_uses_fast_path" time="0.015" /><testcase classname="tests.test_agent.TestHandleTelegramChat" name="test_typing_indicator_sent_before_processing" time="0.016" /><testcase classname="tests.test_agent.TestPastContextKeywordMatching" name="test_fold_vietnamese_ascii" time="0.002" /><testcase classname="tests.test_agent.TestPastContextKeywordMatching" name="test_standard_keywords_match_english" time="0.002" /><testcase classname="tests.test_agent.TestPastContextKeywordMatching" name="test_standard_keywords_match_vietnamese_no_diacritics" time="0.002" /><testcase classname="tests.test_agent.TestPastContextKeywordMatching" name="test_standard_keywords_match_vietnamese_with_diacritics" time="0.001" /><testcase classname="tests.test_agent.TestPastContextKeywordMatching" name="test_standard_keywords_no_false_positive_on_greeting" time="0.003" /><testcase classname="tests.test_agent.TestGenerateMorningBriefing" name="test_api_error_does_not_crash" time="0.013" /><testcase classname="tests.test_agent.TestGenerateMorningBriefing" name="test_sends_briefing_to_telegram" time="0.014" /><testcase classname="tests.test_agent.TestExtractImplicitMemory" name="test_empty_history_returns_early" time="0.004" /><testcase classname="tests.test_agent.TestExtractImplicitMemory" name="test_inactive_status_is_passed_to_db" time="0.010" /><testcase classname="tests.test_agent.TestExtractImplicitMemory" name="test_invalid_json_does_not_crash" time="0.009" /><testcase classname="tests.test_agent.TestExtractImplicitMemory" name="test_multiple_items_all_inserted" time="0.010" /><testcase classname="tests.test_agent.TestExtractImplicitMemory" name="test_valid_json_response_inserts_memory" time="0.013" /><testcase classname="tests.test_agent.TestGenerateWeeklyReflection" name="test_api_error_does_not_crash" time="0.012" /><testcase classname="tests.test_agent.TestGenerateWeeklyReflection" name="test_sends_reflection_to_telegram_and_memorizes" time="0.019" /><testcase classname="tests.test_agent.TestTieredSystemPrompt" name="test_core_prompt_excludes_gcs_rubric" time="0.002" /><testcase classname="tests.test_agent.TestTieredSystemPrompt" name="test_core_prompt_includes_identity_and_psychology" time="0.002" /><testcase classname="tests.test_agent.TestTieredSystemPrompt" name="test_fast_path_uses_core_prompt" time="0.839" /><testcase classname="tests.test_agent.TestTieredSystemPrompt" name="test_full_prompt_includes_gcs_rubric" time="0.001" /><testcase classname="tests.test_agent.TestTieredSystemPrompt" name="test_standard_path_uses_full_prompt" time="0.762" /><testcase classname="tests.test_athlete_state.TestAthleteState" name="test_default_state_is_healthy" time="0.003" /><testcase classname="tests.test_athlete_state.TestAthleteState" name="test_set_and_get_state" time="0.002" /><testcase classname="tests.test_athlete_state.TestAthleteState" name="test_state_is_append_only" time="0.002" /><testcase classname="tests.test_athlete_state.TestAthleteState" name="test_latest_row_is_current_state" time="0.003" /><testcase classname="tests.test_athlete_state.TestAthleteState" name="test_multi_tenant_isolation" time="0.003" /><testcase classname="tests.test_audit.TestCategorizeLine" name="test_traceback" time="0.001" /><testcase classname="tests.test_audit.TestCategorizeLine" name="test_exception" time="0.001" /><testcase classname="tests.test_audit.TestCategorizeLine" name="test_dns_error" time="0.001" /><testcase classname="tests.test_audit.TestCategorizeLine" name="test_connection_error" time="0.001" /><testcase classname="tests.test_audit.TestCategorizeLine" name="test_news_scorer_json" time="0.001" /><testcase classname="tests.test_audit.TestCategorizeLine" name="test_news_agent_error" time="0.001" /><testcase classname="tests.test_audit.TestCategorizeLine" name="test_performance_timeout" time="0.001" /><testcase classname="tests.test_audit.TestCategorizeLine" name="test_scheduler_error" time="0.001" /><testcase classname="tests.test_audit.TestCategorizeLine" name="test_db_error" time="0.001" /><testcase classname="tests.test_audit.TestCategorizeLine" name="test_improvement_hint" time="0.001" /><testcase classname="tests.test_audit.TestCategorizeLine" name="test_todo" time="0.001" /><testcase classname="tests.test_audit.TestCategorizeLine" name="test_generic_warning" time="0.001" /><testcase classname="tests.test_audit.TestCategorizeLine" name="test_generic_error" time="0.001" /><testcase classname="tests.test_audit.TestCategorizeLine" name="test_critical" time="0.001" /><testcase classname="tests.test_audit.TestCategorizeLine" name="test_normal_info_line_skipped" time="0.001" /><testcase classname="tests.test_audit.TestCategorizeLine" name="test_empty_line_skipped" time="0.001" /><testcase classname="tests.test_audit.TestRunAudit" name="test_returns_zero_when_no_log_file" time="0.011" /><testcase classname="tests.test_audit.TestRunAudit" name="test_scans_log_and_returns_count" time="0.012" /><testcase classname="tests.test_audit.TestRunAudit" name="test_deduplication_on_rerun" time="0.012" /><testcase classname="tests.test_audit.TestRunAudit" name="test_scans_rotated_files" time="0.013" /><testcase classname="tests.test_audit.TestAuditDbFunctions" name="test_insert_and_get" time="0.011" /><testcase classname="tests.test_audit.TestAuditDbFunctions" name="test_insert_duplicate_returns_false" time="0.015" /><testcase classname="tests.test_audit.TestAuditDbFunctions" name="test_filter_by_status" time="0.016" /><testcase classname="tests.test_audit.TestAuditDbFunctions" name="test_filter_by_severity" time="0.014" /><testcase classname="tests.test_audit.TestAuditDbFunctions" name="test_update_status" time="0.015" /><testcase classname="tests.test_audit.TestAuditDbFunctions" name="test_get_stats" time="0.017" /><testcase classname="tests.test_audit.TestAuditApi" name="test_list_entries_empty" time="0.451" /><testcase classname="tests.test_audit.TestAuditApi" name="test_list_entries_requires_auth" time="0.016" /><testcase classname="tests.test_audit.TestAuditApi" name="test_acknowledge" time="0.030" /><testcase classname="tests.test_audit.TestAuditApi" name="test_resolve" time="0.028" /><testcase classname="tests.test_audit.TestAuditApi" name="test_run_audit_now" time="0.019" /><testcase classname="tests.test_audit.TestAuditApi" name="test_audit_page_html" time="0.024" /><testcase classname="tests.test_config.TestConfigLoadSave" name="test_load_returns_config_data" time="0.003" /><testcase classname="tests.test_config.TestConfigLoadSave" name="test_save_then_load_roundtrip" time="0.003" /><testcase classname="tests.test_config.TestConfigCaching" name="test_save_invalidates_cache" time="0.002" /><testcase classname="tests.test_config.TestConfigCaching" name="test_second_load_uses_cache" time="0.002" /><testcase classname="tests.test_config.TestConfigAutoInit" name="test_auto_init_from_example" time="0.002" /><testcase classname="tests.test_config.TestConfigAutoInit" name="test_no_example_returns_empty" time="0.002" /><testcase classname="tests.test_config.TestCorruptedConfig" name="test_empty_file_returns_empty_dict" time="0.002" /><testcase classname="tests.test_config.TestCorruptedConfig" name="test_invalid_json_returns_empty_dict" time="0.002" /><testcase classname="tests.test_config.TestConfigThreadSafety" name="test_concurrent_load_config_returns_consistent_data" time="0.006" /><testcase classname="tests.test_config.TestConfigThreadSafety" name="test_concurrent_save_and_load_no_corruption" time="0.006" /><testcase classname="tests.test_coverage_metrics.TestLoadCoverageReport" name="test_coverage_timestamp_parsed" time="0.003" /><testcase classname="tests.test_coverage_metrics.TestLoadCoverageReport" name="test_package_line_rate" time="0.002" /><testcase classname="tests.test_coverage_metrics.TestLoadCoverageReport" name="test_packages_parsed" time="0.002" /><testcase classname="tests.test_coverage_metrics.TestLoadCoverageReport" name="test_raises_when_coverage_file_malformed" time="0.001" /><testcase classname="tests.test_coverage_metrics.TestLoadCoverageReport" name="test_raises_when_coverage_file_missing" time="0.001" /><testcase classname="tests.test_coverage_metrics.TestLoadCoverageReport" name="test_returns_coverage_report" time="0.002" /><testcase classname="tests.test_coverage_metrics.TestLoadCoverageReport" name="test_test_counts_none_when_junit_missing" time="0.002" /><testcase classname="tests.test_coverage_metrics.TestLoadCoverageReport" name="test_test_counts_parsed" time="0.002" /><testcase classname="tests.test_coverage_metrics.TestReportToDict" name="test_by_package_entry_shape" time="0.002" /><testcase classname="tests.test_coverage_metrics.TestReportToDict" name="test_by_package_is_list" time="0.002" /><testcase classname="tests.test_coverage_metrics.TestReportToDict" name="test_output_json_serializable" time="0.002" /><testcase classname="tests.test_coverage_metrics.TestReportToDict" name="test_summary_keys_present" time="0.003" /><testcase classname="tests.test_coverage_metrics.TestReportToDict" name="test_summary_line_rate_pct" time="0.002" /><testcase classname="tests.test_coverage_metrics.TestReportToDict" name="test_test_counts_present" time="0.002" /><testcase classname="tests.test_coverage_metrics.TestCoverageEndpoint" name="test_graceful_404_when_coverage_file_missing" time="0.014" /><testcase classname="tests.test_coverage_metrics.TestCoverageEndpoint" name="test_response_has_by_package" time="0.012" /><testcase classname="tests.test_coverage_metrics.TestCoverageEndpoint" name="test_response_has_summary" time="0.013" /><testcase classname="tests.test_coverage_metrics.TestCoverageEndpoint" name="test_response_has_test_counts" time="0.009" /><testcase classname="tests.test_coverage_metrics.TestCoverageEndpoint" name="test_returns_200_with_auth" time="0.011" /><testcase classname="tests.test_coverage_metrics.TestCoverageEndpoint" name="test_returns_401_without_auth" time="0.008" /><testcase classname="tests.test_daily_suggestion.TestSickInjuredRule" name="test_sick_returns_rest" time="0.001" /><testcase classname="tests.test_daily_suggestion.TestSickInjuredRule" name="test_injured_returns_rest" time="0.001" /><testcase classname="tests.test_daily_suggestion.TestAcwrCritical" name="test_acwr_above_1_4_returns_rest" time="0.001" /><testcase classname="tests.test_daily_suggestion.TestAcwrCritical" name="test_acwr_exactly_1_4_returns_rest" time="0.001" /><testcase classname="tests.test_daily_suggestion.TestLowReadiness" name="test_readiness_below_40_returns_recovery" time="0.001" /><testcase classname="tests.test_daily_suggestion.TestLowReadiness" name="test_readiness_none_defaults_to_65" time="0.001" /><testcase classname="tests.test_daily_suggestion.TestDaysSinceLastRun" name="test_3_days_no_run_returns_easy" time="0.001" /><testcase classname="tests.test_daily_suggestion.TestAcwrSafeMax" name="test_acwr_above_1_3_returns_easy_short" time="0.001" /><testcase classname="tests.test_daily_suggestion.TestModerateReadiness" name="test_readiness_40_to_59_returns_easy_short" time="0.001" /><testcase classname="tests.test_daily_suggestion.TestWeekendLongRun" name="test_saturday_good_readiness_returns_long_run" time="0.001" /><testcase classname="tests.test_daily_suggestion.TestWeekendLongRun" name="test_sunday_good_readiness_returns_long_run" time="0.001" /><testcase classname="tests.test_daily_suggestion.TestTempoRule" name="test_excellent_readiness_no_quality_returns_tempo" time="0.001" /><testcase classname="tests.test_daily_suggestion.TestTempoRule" name="test_excellent_readiness_with_recent_quality_returns_easy" time="0.001" /><testcase classname="tests.test_daily_suggestion.TestFallback" name="test_good_readiness_weekday_returns_easy" time="0.001" /><testcase classname="tests.test_daily_suggestion.TestReasonField" name="test_all_suggestions_have_reason" time="0.001" /><testcase classname="tests.test_daily_suggestion.TestFormatBriefing" name="test_format_includes_title" time="0.001" /><testcase classname="tests.test_daily_suggestion.TestFormatBriefing" name="test_format_no_plan_notice_included" time="0.001" /><testcase classname="tests.test_database.TestUsers" name="test_get_nonexistent_user_returns_none" time="0.010" /><testcase classname="tests.test_database.TestUsers" name="test_upsert_and_get_user" time="0.011" /><testcase classname="tests.test_database.TestUsers" name="test_upsert_updates_existing_user" time="0.012" /><testcase classname="tests.test_database.TestRunActivities" name="test_delete_run_activity" time="0.012" /><testcase classname="tests.test_database.TestRunActivities" name="test_gcs_placeholder_created_before_harvest" time="0.013" /><testcase classname="tests.test_database.TestRunActivities" name="test_gcs_score_update" time="0.012" /><testcase classname="tests.test_database.TestRunActivities" name="test_get_runs_in_last_days_format" time="0.012" /><testcase classname="tests.test_database.TestRunActivities" name="test_get_training_loads_calculates_correctly" time="0.012" /><testcase classname="tests.test_database.TestRunActivities" name="test_get_training_loads_empty_user_returns_zeros" time="0.011" /><testcase classname="tests.test_database.TestRunActivities" name="test_get_weekly_volume_only_counts_current_week" time="0.013" /><testcase classname="tests.test_database.TestRunActivities" name="test_no_runs_returns_empty_message" time="0.011" /><testcase classname="tests.test_database.TestRunActivities" name="test_save_and_retrieve_via_recent_logs" time="0.011" /><testcase classname="tests.test_database.TestRunActivities" name="test_upsert_does_not_duplicate" time="0.015" /><testcase classname="tests.test_database.TestChatHistory" name="test_clear_history_only_affects_target_user" time="0.019" /><testcase classname="tests.test_database.TestChatHistory" name="test_clear_history_removes_all" time="0.013" /><testcase classname="tests.test_database.TestChatHistory" name="test_empty_history_returns_empty_list" time="0.012" /><testcase classname="tests.test_database.TestChatHistory" name="test_load_respects_limit" time="0.024" /><testcase classname="tests.test_database.TestChatHistory" name="test_load_returns_chronological_order" time="0.011" /><testcase classname="tests.test_database.TestChatHistory" name="test_save_and_load_messages" time="0.011" /><testcase classname="tests.test_database.TestTrainingPlans" name="test_create_and_get_plan" time="0.010" /><testcase classname="tests.test_database.TestTrainingPlans" name="test_get_plan_for_nonexistent_date_returns_none" time="0.009" /><testcase classname="tests.test_database.TestTrainingPlans" name="test_get_upcoming_plans_returns_formatted_string" time="0.011" /><testcase classname="tests.test_database.TestTrainingPlans" name="test_plans_are_user_isolated" time="0.010" /><testcase classname="tests.test_database.TestTrainingPlans" name="test_update_plan_status" time="0.011" /><testcase classname="tests.test_database.TestTrainingPlans" name="test_upsert_plan_updates_existing" time="0.012" /><testcase classname="tests.test_database.TestWeeklyTargets" name="test_get_nonexistent_week_returns_none" time="0.010" /><testcase classname="tests.test_database.TestWeeklyTargets" name="test_targets_are_user_isolated" time="0.014" /><testcase classname="tests.test_database.TestWeeklyTargets" name="test_upsert_and_get_weekly_target" time="0.014" /><testcase classname="tests.test_database.TestWeeklyTargets" name="test_upsert_overwrites_existing" time="0.013" /><testcase classname="tests.test_database.TestCoreMemory" name="test_archive_memory" time="0.015" /><testcase classname="tests.test_database.TestCoreMemory" name="test_archive_memory_wrong_user_fails_silently" time="0.012" /><testcase classname="tests.test_database.TestCoreMemory" name="test_global_deduplication_latest_wins" time="0.012" /><testcase classname="tests.test_database.TestCoreMemory" name="test_inactive_memory_not_returned" time="0.011" /><testcase classname="tests.test_database.TestCoreMemory" name="test_inactive_overrides_active_for_same_category" time="0.012" /><testcase classname="tests.test_database.TestCoreMemory" name="test_insert_and_get_active_memory" time="0.011" /><testcase classname="tests.test_database.TestCoreMemory" name="test_memories_are_user_isolated" time="0.012" /><testcase classname="tests.test_database.TestCoreMemory" name="test_multiple_categories_all_returned" time="0.013" /><testcase classname="tests.test_database.TestHistoricalTrainingLoads" name="test_no_runs_all_zeros" time="0.012" /><testcase classname="tests.test_database.TestHistoricalTrainingLoads" name="test_optimal_band_is_80_to_130_of_chronic" time="0.014" /><testcase classname="tests.test_database.TestHistoricalTrainingLoads" name="test_returns_correct_number_of_days" time="0.013" /><testcase classname="tests.test_database.TestHistoricalTrainingLoads" name="test_returns_correct_structure" time="0.012" /><testcase classname="tests.test_database.TestMultiTenantRunActivityIsolation" name="test_empty_user_returns_zero_loads" time="0.012" /><testcase classname="tests.test_database.TestMultiTenantRunActivityIsolation" name="test_recent_logs_isolated_by_user" time="0.012" /><testcase classname="tests.test_database.TestMultiTenantRunActivityIsolation" name="test_training_loads_isolated_by_user" time="0.012" /><testcase classname="tests.test_database.TestMultiTenantRunActivityIsolation" name="test_weekly_mileage_isolated_by_user" time="0.012" /><testcase classname="tests.test_database.TestRunActivityRaw" name="test_full_meta_is_deserialized" time="0.011" /><testcase classname="tests.test_database.TestRunActivityRaw" name="test_get_nonexistent_returns_none" time="0.011" /><testcase classname="tests.test_database.TestRunActivityRaw" name="test_save_and_retrieve_raw_activity" time="0.011" /><testcase classname="tests.test_database.TestComputedMetrics" name="test_empty_metrics_returns_false" time="0.010" /><testcase classname="tests.test_database.TestComputedMetrics" name="test_get_metrics_after_upsert" time="0.011" /><testcase classname="tests.test_database.TestComputedMetrics" name="test_get_metrics_missing_activity_returns_empty" time="0.010" /><testcase classname="tests.test_database.TestComputedMetrics" name="test_get_metrics_wrong_user_returns_empty" time="0.012" /><testcase classname="tests.test_database.TestComputedMetrics" name="test_unknown_columns_filtered_out" time="0.010" /><testcase classname="tests.test_database.TestComputedMetrics" name="test_upsert_returns_true" time="0.011" /><testcase classname="tests.test_database.TestMetricTrendData" name="test_no_data_returns_empty" time="0.011" /><testcase classname="tests.test_database.TestMetricTrendData" name="test_returns_rows_with_metric_value" time="0.012" /><testcase classname="tests.test_database.TestMetricTrendData" name="test_rows_have_expected_keys" time="0.012" /><testcase classname="tests.test_database.TestMetricTrendData" name="test_unknown_metric_returns_empty" time="0.010" /><testcase classname="tests.test_database.TestMetricTrendData" name="test_user_isolation" time="0.012" /><testcase classname="tests.test_database.TestVolumeStats" name="test_monthly_volume_december_boundary" time="0.012" /><testcase classname="tests.test_database.TestVolumeStats" name="test_monthly_volume_empty_user" time="0.011" /><testcase classname="tests.test_database.TestVolumeStats" name="test_monthly_volume_excludes_other_months" time="0.011" /><testcase classname="tests.test_database.TestVolumeStats" name="test_monthly_volume_sums_correctly" time="0.011" /><testcase classname="tests.test_database.TestVolumeStats" name="test_yearly_volume_empty_user" time="0.010" /><testcase classname="tests.test_database.TestVolumeStats" name="test_yearly_volume_monthly_breakdown_present" time="0.011" /><testcase classname="tests.test_database.TestVolumeStats" name="test_yearly_volume_sums_all_months" time="0.012" /><testcase classname="tests.test_database.TestCoreMemoryExtended" name="test_archive_returns_true" time="0.012" /><testcase classname="tests.test_database.TestCoreMemoryExtended" name="test_archive_wrong_user_no_effect" time="0.016" /><testcase classname="tests.test_database.TestCoreMemoryExtended" name="test_archived_memory_not_returned" time="0.013" /><testcase classname="tests.test_database.TestCoreMemoryExtended" name="test_duplicate_insert_does_not_create_second_row" time="0.012" /><testcase classname="tests.test_database.TestCoreMemoryExtended" name="test_get_all_active_memories_empty" time="0.011" /><testcase classname="tests.test_database.TestCoreMemoryExtended" name="test_get_all_active_memories_multiple" time="0.012" /><testcase classname="tests.test_database.TestCoreMemoryExtended" name="test_insert_new_memory" time="0.011" /><testcase classname="tests.test_database.TestNewsAgentState" name="test_different_users_isolated" time="0.012" /><testcase classname="tests.test_database.TestNewsAgentState" name="test_get_missing_key_returns_none" time="0.010" /><testcase classname="tests.test_database.TestNewsAgentState" name="test_set_and_get_roundtrip" time="0.011" /><testcase classname="tests.test_database.TestNewsAgentState" name="test_set_overwrites_existing" time="0.011" /><testcase classname="tests.test_database_run_activity_raw.TestRunActivityRawStreamFilePath" name="test_get_run_activity_raw_returns_none_for_unknown_activity" time="0.009" /><testcase classname="tests.test_database_run_activity_raw.TestRunActivityRawStreamFilePath" name="test_save_and_get_run_activity_raw_with_stream_file_path" time="0.011" /><testcase classname="tests.test_database_run_activity_raw.TestRunActivityRawStreamFilePath" name="test_save_run_activity_raw_upserts_and_updates_stream_file_path" time="0.015" /><testcase classname="tests.test_e2e_local.TestE2EHealthCheck" name="test_health_json_shape" time="0.010" /><testcase classname="tests.test_e2e_local.TestE2EHealthCheck" name="test_health_reports_scheduler_state" time="0.006" /><testcase classname="tests.test_e2e_local.TestE2EHealthCheck" name="test_health_responds" time="0.007" /><testcase classname="tests.test_e2e_local.TestE2EStravaWebhookFlow" name="test_create_event_returns_ok_and_queues_workflow" time="0.011" /><testcase classname="tests.test_e2e_local.TestE2EStravaWebhookFlow" name="test_delete_event_returns_ok_and_queues_cleanup" time="0.010" /><testcase classname="tests.test_e2e_local.TestE2EStravaWebhookFlow" name="test_non_activity_object_ignored" time="0.006" /><testcase classname="tests.test_e2e_local.TestE2EStravaWebhookFlow" name="test_update_event_ignored" time="0.007" /><testcase classname="tests.test_e2e_local.TestE2EStravaPayloadValidation" name="test_malformed_json_returns_4xx" time="0.006" /><testcase classname="tests.test_e2e_local.TestE2EStravaPayloadValidation" name="test_missing_required_fields_rejected" time="0.007" /><testcase classname="tests.test_e2e_local.TestE2EStravaPayloadValidation" name="test_zero_object_id_rejected" time="0.006" /><testcase classname="tests.test_e2e_local.TestE2EStravaVerification" name="test_valid_token_returns_challenge" time="0.014" /><testcase classname="tests.test_e2e_local.TestE2EStravaVerification" name="test_wrong_token_returns_error" time="0.009" /><testcase classname="tests.test_e2e_local.TestE2ETelegramWebhookRouting" name="test_chat_message_routed_to_handler" time="0.021" /><testcase classname="tests.test_e2e_local.TestE2ETelegramWebhookRouting" name="test_empty_object_returns_ok" time="0.008" /><testcase classname="tests.test_e2e_local.TestE2ETelegramWebhookRouting" name="test_malformed_json_body_returns_ok" time="0.006" /><testcase classname="tests.test_e2e_local.TestE2ETelegramWebhookRouting" name="test_null_body_returns_ok" time="0.011" /><testcase classname="tests.test_e2e_local.TestE2ETelegramWebhookRouting" name="test_standup_command_triggers_briefing" time="1.148" /><testcase classname="tests.test_e2e_local.TestE2EStravaFullWorkflow" name="test_create_event_triggers_full_pipeline" time="0.016" /><testcase classname="tests.test_e2e_local.TestE2EStravaFullWorkflow" name="test_paused_service_skips_workflow" time="0.007" /><testcase classname="tests.test_e2e_local.TestE2ESchedulerStartup" name="test_scheduler_running_after_app_startup" time="0.016" /><testcase classname="tests.test_e2e_local.TestE2ESchedulerStartup" name="test_scheduler_stops_on_app_shutdown" time="0.019" /><testcase classname="tests.test_e2e_local.TestE2ETimezoneUtils" name="test_get_local_tz_default_is_ho_chi_minh" time="0.002" /><testcase classname="tests.test_e2e_local.TestE2ETimezoneUtils" name="test_get_local_tz_respects_tz_env_var" time="0.003" /><testcase classname="tests.test_e2e_local.TestE2ETimezoneUtils" name="test_get_local_tz_returns_pytz_timezone" time="0.001" /><testcase classname="tests.test_e2e_local.TestE2ETimezoneUtils" name="test_morning_briefing_flow_uses_timezone_utils" time="0.002" /><testcase classname="tests.test_e2e_local.TestE2ETimezoneUtils" name="test_run_analysis_flow_uses_timezone_utils" time="0.003" /><testcase classname="tests.test_e2e_local.TestE2ETimezoneUtils" name="test_weekly_reflection_flow_uses_timezone_utils" time="0.002" /><testcase classname="tests.test_e2e_local.TestE2EConfigConcurrency" name="test_20_concurrent_load_config_calls_are_consistent" time="0.005" /><testcase classname="tests.test_flow_memory_extraction.TestExtractImplicitMemory" name="test_db_insert_failure_does_not_stop_other_items" time="0.012" /><testcase classname="tests.test_flow_memory_extraction.TestExtractImplicitMemory" name="test_debug_mode_enabled_does_not_crash" time="0.009" /><testcase classname="tests.test_flow_memory_extraction.TestExtractImplicitMemory" name="test_empty_history_does_not_call_gemini" time="0.010" /><testcase classname="tests.test_flow_memory_extraction.TestExtractImplicitMemory" name="test_empty_history_returns_early" time="0.007" /><testcase classname="tests.test_flow_memory_extraction.TestExtractImplicitMemory" name="test_existing_memories_fetched_for_deduplication" time="0.009" /><testcase classname="tests.test_flow_memory_extraction.TestExtractImplicitMemory" name="test_existing_memories_injected_into_prompt" time="0.009" /><testcase classname="tests.test_flow_memory_extraction.TestExtractImplicitMemory" name="test_gemini_exception_does_not_crash" time="0.009" /><testcase classname="tests.test_flow_memory_extraction.TestExtractImplicitMemory" name="test_item_missing_fact_is_skipped" time="0.010" /><testcase classname="tests.test_flow_memory_extraction.TestExtractImplicitMemory" name="test_json_decode_error_does_not_crash" time="0.009" /><testcase classname="tests.test_flow_memory_extraction.TestExtractImplicitMemory" name="test_multiple_items_inserts_each" time="0.013" /><testcase classname="tests.test_flow_memory_extraction.TestExtractImplicitMemory" name="test_no_existing_memories_uses_default_text" time="0.010" /><testcase classname="tests.test_flow_memory_extraction.TestExtractImplicitMemory" name="test_valid_item_calls_insert_memory" time="0.010" /><testcase classname="tests.test_flow_morning_briefing.TestGenerateMorningBriefing" name="test_build_standup_prompt_called" time="0.015" /><testcase classname="tests.test_flow_morning_briefing.TestGenerateMorningBriefing" name="test_empty_gemini_response_sends_fallback" time="0.016" /><testcase classname="tests.test_flow_morning_briefing.TestGenerateMorningBriefing" name="test_empty_history_uses_default_context" time="0.015" /><testcase classname="tests.test_flow_morning_briefing.TestGenerateMorningBriefing" name="test_gemini_client_created_with_model_name" time="0.019" /><testcase classname="tests.test_flow_morning_briefing.TestGenerateMorningBriefing" name="test_gemini_exception_does_not_crash" time="0.015" /><testcase classname="tests.test_flow_morning_briefing.TestGenerateMorningBriefing" name="test_history_builds_chat_context" time="0.015" /><testcase classname="tests.test_flow_morning_briefing.TestGenerateMorningBriefing" name="test_memories_fetched" time="0.016" /><testcase classname="tests.test_flow_morning_briefing.TestGenerateMorningBriefing" name="test_no_chat_id_skips_telegram" time="0.013" /><testcase classname="tests.test_flow_morning_briefing.TestGenerateMorningBriefing" name="test_no_plan_uses_free_run_context" time="0.019" /><testcase classname="tests.test_flow_morning_briefing.TestGenerateMorningBriefing" name="test_none_gemini_response_text_sends_fallback" time="0.016" /><testcase classname="tests.test_flow_morning_briefing.TestGenerateMorningBriefing" name="test_saves_message_to_db" time="0.016" /><testcase classname="tests.test_flow_morning_briefing.TestGenerateMorningBriefing" name="test_sends_telegram_message" time="0.016" /><testcase classname="tests.test_flow_run_analysis.TestAnalyzeRunWithGemini" name="test_empty_analysis_text_returned_as_empty_string" time="0.018" /><testcase classname="tests.test_flow_run_analysis.TestAnalyzeRunWithGemini" name="test_gemini_exception_does_not_update_gcs" time="0.016" /><testcase classname="tests.test_flow_run_analysis.TestAnalyzeRunWithGemini" name="test_gemini_exception_returns_none" time="0.018" /><testcase classname="tests.test_flow_run_analysis.TestAnalyzeRunWithGemini" name="test_meta_data_without_start_date_uses_today" time="0.019" /><testcase classname="tests.test_flow_run_analysis.TestAnalyzeRunWithGemini" name="test_no_plan_skips_update_plan_status" time="0.018" /><testcase classname="tests.test_flow_run_analysis.TestAnalyzeRunWithGemini" name="test_plan_found_marks_completed" time="0.023" /><testcase classname="tests.test_flow_run_analysis.TestAnalyzeRunWithGemini" name="test_success_returns_analysis_text" time="0.021" /><testcase classname="tests.test_flow_run_analysis.TestAnalyzeRunWithGemini" name="test_success_saves_message" time="0.098" /><testcase classname="tests.test_flow_run_analysis.TestAnalyzeRunWithGemini" name="test_success_updates_gcs_score" time="0.026" /><testcase classname="tests.test_flow_weekly_plan.TestWeeklyPlanResultSchema" name="test_valid_plan_serialises" time="0.002" /><testcase classname="tests.test_flow_weekly_plan.TestWeeklyPlanResultSchema" name="test_hr_zone_out_of_range_raises" time="0.002" /><testcase classname="tests.test_flow_weekly_plan.TestWeeklyPlanResultSchema" name="test_rpe_out_of_range_raises" time="0.001" /><testcase classname="tests.test_flow_weekly_plan.TestValidatePlanConstraints" name="test_no_warnings_for_valid_plan" time="0.003" /><testcase classname="tests.test_flow_weekly_plan.TestValidatePlanConstraints" name="test_warns_on_too_many_quality" time="0.004" /><testcase classname="tests.test_flow_weekly_plan.TestValidatePlanConstraints" name="test_warns_on_no_rest_day" time="0.003" /><testcase classname="tests.test_flow_weekly_plan.TestAcceptWeeklyPlan" name="test_returns_not_found_message_when_no_pending" time="0.002" /><testcase classname="tests.test_flow_weekly_plan.TestAcceptWeeklyPlan" name="test_returns_confirmed_message_on_success" time="0.003" /><testcase classname="tests.test_flow_weekly_plan.TestRejectWeeklyPlan" name="test_returns_not_found_message_when_no_pending" time="0.002" /><testcase classname="tests.test_flow_weekly_plan.TestRejectWeeklyPlan" name="test_returns_rejected_message" time="0.004" /><testcase classname="tests.test_flow_weekly_reflection.TestGenerateWeeklyReflection" name="test_gemini_exception_does_not_crash" time="0.023" /><testcase classname="tests.test_flow_weekly_reflection.TestGenerateWeeklyReflection" name="test_memories_passed_to_prompt_builder" time="0.021" /><testcase classname="tests.test_flow_weekly_reflection.TestGenerateWeeklyReflection" name="test_no_chat_id_skips_telegram" time="0.017" /><testcase classname="tests.test_flow_weekly_reflection.TestGenerateWeeklyReflection" name="test_no_chat_id_still_calls_rag_memorize" time="0.016" /><testcase classname="tests.test_flow_weekly_reflection.TestGenerateWeeklyReflection" name="test_no_memories_uses_default_text" time="0.016" /><testcase classname="tests.test_flow_weekly_reflection.TestGenerateWeeklyReflection" name="test_rag_failure_does_not_abort_save_message" time="0.019" /><testcase classname="tests.test_flow_weekly_reflection.TestGenerateWeeklyReflection" name="test_rag_failure_does_not_abort_telegram" time="0.016" /><testcase classname="tests.test_flow_weekly_reflection.TestGenerateWeeklyReflection" name="test_rag_memorize_called_with_correct_doc_id" time="0.015" /><testcase classname="tests.test_flow_weekly_reflection.TestGenerateWeeklyReflection" name="test_rag_memorize_content_contains_reflection_text" time="0.015" /><testcase classname="tests.test_flow_weekly_reflection.TestGenerateWeeklyReflection" name="test_rag_memorize_domain_is_coach" time="0.019" /><testcase classname="tests.test_flow_weekly_reflection.TestGenerateWeeklyReflection" name="test_save_message_called" time="0.016" /><testcase classname="tests.test_flow_weekly_reflection.TestGenerateWeeklyReflection" name="test_telegram_called_with_reflection_text" time="0.016" /><testcase classname="tests.test_garmin_client.TestCircuitBreaker" name="test_circuit_closed_initially" time="0.003" /><testcase classname="tests.test_garmin_client.TestCircuitBreaker" name="test_opens_after_3_failures" time="0.004" /><testcase classname="tests.test_garmin_client.TestCircuitBreaker" name="test_reset_closes_circuit" time="0.004" /><testcase classname="tests.test_garmin_client.TestCircuitBreaker" name="test_cooldown_expiry_closes_circuit" time="0.004" /><testcase classname="tests.test_garmin_client.TestFetchAndStore" name="test_returns_false_when_circuit_open" time="0.003" /><testcase classname="tests.test_garmin_client.TestFetchAndStore" name="test_returns_true_on_success" time="0.003" /><testcase classname="tests.test_garmin_client.TestFetchAndStore" name="test_records_failure_on_exception" time="0.003" /><testcase classname="tests.test_garmin_client.TestGetDailyMetrics" name="test_delegates_to_db" time="0.004" /><testcase classname="tests.test_harvest.TestBuildActivityRecord" name="test_activity_id_from_activity_id_key" time="0.002" /><testcase classname="tests.test_harvest.TestBuildActivityRecord" name="test_basic_conversion" time="0.002" /><testcase classname="tests.test_harvest.TestBuildActivityRecord" name="test_missing_optional_fields" time="0.001" /><testcase classname="tests.test_harvest.TestBuildActivityRecord" name="test_none_suffer_score" time="0.002" /><testcase classname="tests.test_harvest.TestBuildActivityRecord" name="test_zero_distance" time="0.001" /><testcase classname="tests.test_harvest.TestHarvestData" name="test_harvest_aborts_without_chat_id" time="0.007" /><testcase classname="tests.test_harvest.TestHarvestData" name="test_harvest_saves_only_runs" time="2.019" /><testcase classname="tests.test_harvest.TestExecuteManualSync" name="test_sync_fetches_streams_for_missing_rag" time="0.017" /><testcase classname="tests.test_harvest.TestExecuteManualSync" name="test_sync_filters_non_run_activities" time="0.008" /><testcase classname="tests.test_harvest.TestExecuteManualSync" name="test_sync_month_filters_by_date" time="0.012" /><testcase classname="tests.test_harvest.TestExecuteManualSync" name="test_sync_skips_existing_rag_memories" time="0.017" /><testcase classname="tests.test_harvest.TestExecuteManualSync" name="test_sync_with_no_activities_sends_warning" time="0.008" /><testcase classname="tests.test_harvest.TestHarvestActivityTypes" name="test_harvest_includes_virtual_run" time="1.015" /><testcase classname="tests.test_harvest.TestHarvestActivityTypes" name="test_save_failure_on_one_activity_continues_to_next" time="2.016" /><testcase classname="tests.test_harvest.TestManualSyncRateLimiting" name="test_sleep_between_activities" time="0.015" /><testcase classname="tests.test_intent_classification.TestFastExactWhitelist" name="test_greeting_hi" time="0.001" /><testcase classname="tests.test_intent_classification.TestFastExactWhitelist" name="test_greeting_hello" time="0.001" /><testcase classname="tests.test_intent_classification.TestFastExactWhitelist" name="test_greeting_ok" time="0.001" /><testcase classname="tests.test_intent_classification.TestFastExactWhitelist" name="test_greeting_thanks" time="0.001" /><testcase classname="tests.test_intent_classification.TestFastExactWhitelist" name="test_greeting_cam_on_no_diacritics" time="0.001" /><testcase classname="tests.test_intent_classification.TestFastExactWhitelist" name="test_greeting_chao_no_diacritics" time="0.001" /><testcase classname="tests.test_intent_classification.TestFastExactWhitelist" name="test_greeting_with_diacritics" time="0.001" /><testcase classname="tests.test_intent_classification.TestFastExactWhitelist" name="test_emoji_thumbsup" time="0.001" /><testcase classname="tests.test_intent_classification.TestStandardKeywordRouting" name="test_lich_trinh_no_diacritics" time="0.001" /><testcase classname="tests.test_intent_classification.TestStandardKeywordRouting" name="test_lich_with_diacritics" time="0.001" /><testcase classname="tests.test_intent_classification.TestStandardKeywordRouting" name="test_training_schedule_english" time="0.001" /><testcase classname="tests.test_intent_classification.TestStandardKeywordRouting" name="test_analyze_run" time="0.001" /><testcase classname="tests.test_intent_classification.TestStandardKeywordRouting" name="test_ke_hoach_no_diacritics" time="0.001" /><testcase classname="tests.test_intent_classification.TestStandardKeywordRouting" name="test_muc_tieu" time="0.001" /><testcase classname="tests.test_intent_classification.TestStandardKeywordRouting" name="test_tuan_toi_no_diacritics" time="0.001" /><testcase classname="tests.test_intent_classification.TestStandardKeywordRouting" name="test_pace_english" time="0.001" /><testcase classname="tests.test_intent_classification.TestStandardKeywordRouting" name="test_acwr" time="0.001" /><testcase classname="tests.test_intent_classification.TestStandardKeywordRouting" name="test_km" time="0.001" /><testcase classname="tests.test_intent_classification.TestStandardKeywordRouting" name="test_giao_an" time="0.001" /><testcase classname="tests.test_intent_classification.TestLongTextDefaultsToStandard" name="test_long_text_over_80_chars" time="0.001" /><testcase classname="tests.test_intent_classification.TestLongTextDefaultsToStandard" name="test_exactly_80_chars_unknown" time="0.001" /><testcase classname="tests.test_intent_classification.TestSafeDefault" name="test_unknown_short_text" time="0.003" /><testcase classname="tests.test_intent_classification.TestSafeDefault" name="test_empty_string" time="0.002" /><testcase classname="tests.test_intent_classification.TestSafeDefault" name="test_whitespace_only" time="0.002" /><testcase classname="tests.test_intent_classification.TestSafeDefault" name="test_number_only" time="0.002" /><testcase classname="tests.test_intent_classification.TestDiacriticFolding" name="test_folded_tap_matches_tap_with_diacritics" time="0.001" /><testcase classname="tests.test_intent_classification.TestDiacriticFolding" name="test_folded_lich_matches_keyword" time="0.001" /><testcase classname="tests.test_intent_classification.TestDiacriticFolding" name="test_en_keyword_exact" time="0.001" /><testcase classname="tests.test_intent_classification.TestDegenerateResponse" name="test_none_is_degenerate" time="0.001" /><testcase classname="tests.test_intent_classification.TestDegenerateResponse" name="test_empty_string_is_degenerate" time="0.001" /><testcase classname="tests.test_intent_classification.TestDegenerateResponse" name="test_short_string_is_not_degenerate" time="0.001" /><testcase classname="tests.test_intent_classification.TestDegenerateResponse" name="test_normal_reply_not_degenerate" time="0.001" /><testcase classname="tests.test_metrics_engine.TestComputeEasyRun" name="test_returns_dict" time="0.053" /><testcase classname="tests.test_metrics_engine.TestComputeEasyRun" name="test_avg_pace_computed" time="0.030" /><testcase classname="tests.test_metrics_engine.TestComputeEasyRun" name="test_workout_type_easy" time="0.032" /><testcase classname="tests.test_metrics_engine.TestComputeEasyRun" name="test_hr_zones_json" time="0.032" /><testcase classname="tests.test_metrics_engine.TestComputeEasyRun" name="test_cadence_spm" time="0.024" /><testcase classname="tests.test_metrics_engine.TestIntervalDetection" name="test_workout_type_interval" time="0.010" /><testcase classname="tests.test_metrics_engine.TestIntervalDetection" name="test_reps_detected" time="0.010" /><testcase classname="tests.test_metrics_engine.TestIntervalDetection" name="test_interval_avg_pace" time="0.011" /><testcase classname="tests.test_metrics_engine.TestIntervalDetection" name="test_max_velocity" time="0.011" /><testcase classname="tests.test_metrics_engine.TestNoHrStream" name="test_no_crash" time="0.004" /><testcase classname="tests.test_metrics_engine.TestNoHrStream" name="test_hr_fields_none" time="0.004" /><testcase classname="tests.test_metrics_engine.TestNoHrStream" name="test_pace_still_computed" time="0.004" /><testcase classname="tests.test_metrics_engine.TestNoPowerStream" name="test_power_fields_none" time="0.008" /><testcase classname="tests.test_metrics_engine.TestNoPowerStream" name="test_power_with_data" time="0.005" /><testcase classname="tests.test_metrics_engine.TestTempoNotFalsePositiveInterval" name="test_single_block_is_tempo" time="0.025" /><testcase classname="tests.test_metrics_engine.TestEmptyArrays" name="test_empty_streams" time="0.001" /><testcase classname="tests.test_metrics_engine.TestEmptyArrays" name="test_very_short_streams" time="0.001" /><testcase classname="tests.test_metrics_engine.TestBuildRunMetricsBlock" name="test_empty_metrics_returns_empty_string" time="0.001" /><testcase classname="tests.test_metrics_engine.TestBuildRunMetricsBlock" name="test_none_metrics_returns_empty_string" time="0.001" /><testcase classname="tests.test_metrics_engine.TestBuildRunMetricsBlock" name="test_basic_output" time="0.001" /><testcase classname="tests.test_metrics_engine.TestBuildRunMetricsBlock" name="test_capped_at_700_chars" time="0.001" /><testcase classname="tests.test_metrics_engine.TestBuildRunMetricsBlock" name="test_power_section_skipped_when_none" time="0.001" /><testcase classname="tests.test_news_agent_flows.TestGenerateNewsBriefingDisabled" name="test_disabled_returns_early" time="0.002" /><testcase classname="tests.test_news_agent_flows.TestGenerateNewsBriefingNoChatId" name="test_no_chat_id_skips_send" time="0.003" /><testcase classname="tests.test_news_agent_flows.TestGenerateNewsBriefingNoTopics" name="test_no_topics_sends_err001" time="0.003" /><testcase classname="tests.test_news_agent_flows.TestGenerateNewsBriefingHappyPath" name="test_sends_merged_message" time="0.004" /><testcase classname="tests.test_news_agent_flows.TestGenerateNewsBriefingHappyPath" name="test_header_in_message" time="0.004" /><testcase classname="tests.test_news_agent_flows.TestGenerateNewsBriefingHappyPath" name="test_all_topics_fail_sends_err001" time="0.004" /><testcase classname="tests.test_news_agent_flows.TestGenerateOnDemandBriefingDisabled" name="test_disabled_returns_none" time="0.001" /><testcase classname="tests.test_news_agent_flows.TestGenerateOnDemandBriefingShortReply" name="test_short_reply_sends_error_and_returns_none" time="0.004" /><testcase classname="tests.test_news_agent_flows.TestGenerateOnDemandBriefingHappyPath" name="test_happy_path_sends_reply" time="0.004" /><testcase classname="tests.test_news_agent_flows.TestGenerateOnDemandBriefingHappyPath" name="test_grounding_sources_appended" time="0.004" /><testcase classname="tests.test_news_agent_flows.TestGenerateLegacyBriefing" name="test_reply_sends_to_telegram" time="0.004" /><testcase classname="tests.test_news_agent_flows.TestGenerateLegacyBriefing" name="test_grounded_fails_no_send" time="0.004" /><testcase classname="tests.test_news_agent_flows.TestGenerateLegacyBriefing" name="test_sources_block_appended_when_grounding_urls_present" time="0.005" /><testcase classname="tests.test_news_agent_flows.TestOnDemandShortReplyUsesConstant" name="test_short_reply_sends_err002_constant" time="0.004" /><testcase classname="tests.test_news_agent_flows.TestGenerateNewsBriefingStructuredLog" name="test_all_fail_sends_err001_not_legacy" time="0.005" /><testcase classname="tests.test_news_agent_flows.TestGenerateNewsBriefingStructuredLog" name="test_empty_topics_sends_err001_not_legacy" time="0.003" /><testcase classname="tests.test_news_agent_helpers.TestResolveChatId" name="test_uses_configured_chat_id_when_set" time="0.001" /><testcase classname="tests.test_news_agent_helpers.TestResolveChatId" name="test_falls_back_to_primary_user_id" time="0.001" /><testcase classname="tests.test_news_agent_helpers.TestResolveChatId" name="test_returns_none_when_no_user" time="0.001" /><testcase classname="tests.test_news_agent_helpers.TestResolveChatId" name="test_strips_whitespace_from_chat_id" time="0.001" /><testcase classname="tests.test_news_agent_helpers.TestGetModel" name="test_returns_configured_model" time="0.001" /><testcase classname="tests.test_news_agent_helpers.TestGetModel" name="test_returns_default_when_not_configured" time="0.001" /><testcase classname="tests.test_news_agent_helpers.TestGetModel" name="test_returns_default_when_empty_string" time="0.001" /><testcase classname="tests.test_news_agent_helpers.TestGetModel" name="test_strips_whitespace" time="0.001" /><testcase classname="tests.test_news_agent_helpers.TestNowDateStr" name="test_returns_string_in_dd_mm_yyyy_format" time="0.002" /><testcase classname="tests.test_news_agent_helpers.TestResolveTopics" name="test_returns_configured_topics" time="0.001" /><testcase classname="tests.test_news_agent_helpers.TestResolveTopics" name="test_falls_back_to_interest_profile_keys" time="0.001" /><testcase classname="tests.test_news_agent_helpers.TestResolveTopics" name="test_emoji_mapped_for_known_key" time="0.001" /><testcase classname="tests.test_news_agent_helpers.TestResolveTopics" name="test_unknown_key_gets_default_emoji" time="0.001" /><testcase classname="tests.test_news_agent_helpers.TestResolveTopics" name="test_empty_config_returns_empty_list" time="0.001" /><testcase classname="tests.test_news_agent_helpers.TestSessionHeader" name="test_morning_header" time="0.001" /><testcase classname="tests.test_news_agent_helpers.TestSessionHeader" name="test_afternoon_header" time="0.001" /><testcase classname="tests.test_news_agent_helpers.TestSessionHeader" name="test_evening_header" time="0.001" /><testcase classname="tests.test_news_agent_helpers.TestSessionHeader" name="test_unknown_session_fallback" time="0.001" /><testcase classname="tests.test_news_agent_helpers.TestExtractGroundingUrls" name="test_empty_candidates_returns_empty" time="0.001" /><testcase classname="tests.test_news_agent_helpers.TestExtractGroundingUrls" name="test_extracts_title_and_uri" time="0.003" /><testcase classname="tests.test_news_agent_helpers.TestExtractGroundingUrls" name="test_deduplicates_same_uri" time="0.003" /><testcase classname="tests.test_news_agent_helpers.TestExtractGroundingUrls" name="test_skips_chunks_without_uri" time="0.003" /><testcase classname="tests.test_news_agent_helpers.TestExtractGroundingUrls" name="test_skips_candidate_without_grounding_metadata" time="0.002" /><testcase classname="tests.test_news_agent_helpers.TestBuildSourcesBlock" name="test_single_url_formatted_correctly" time="0.001" /><testcase classname="tests.test_news_agent_helpers.TestBuildSourcesBlock" name="test_capped_at_max_sources" time="0.001" /><testcase classname="tests.test_news_agent_helpers.TestBuildSourcesBlock" name="test_fourth_url_not_included" time="0.001" /><testcase classname="tests.test_news_agent_helpers.TestBuildSourcesBlock" name="test_empty_urls_returns_empty_string" time="0.001" /><testcase classname="tests.test_news_agent_helpers.TestBuildSourcesBlock" name="test_long_title_truncated_at_60_chars" time="0.001" /><testcase classname="tests.test_news_agent_helpers.TestDocThemRegex" name="test_strips_doc_them_link" time="0.001" /><testcase classname="tests.test_news_agent_helpers.TestDocThemRegex" name="test_strips_case_insensitive" time="0.001" /><testcase classname="tests.test_news_agent_helpers.TestDocThemRegex" name="test_leaves_non_doc_them_links_intact" time="0.001" /><testcase classname="tests.test_news_agent_helpers.TestDocThemRegex" name="test_multiple_occurrences_all_stripped" time="0.001" /><testcase classname="tests.test_news_agent_helpers.TestCallGeminiWithSearchGroundingGate" name="test_grounding_used_false_returns_none" time="0.006" /><testcase classname="tests.test_news_agent_helpers.TestCallGeminiWithSearchGroundingGate" name="test_grounding_used_true_returns_text" time="0.007" /><testcase classname="tests.test_news_agent_helpers.TestCallGeminiWithSearchGroundingGate" name="test_thinking_budget_zero_passed" time="0.011" /><testcase classname="tests.test_news_agent_helpers.TestCallGeminiWithSearchGroundingGate" name="test_api_exception_returns_none" time="0.003" /><testcase classname="tests.test_news_agent_helpers.TestCallGeminiWithSearchGroundingGate" name="test_grounding_used_false_logs_reject_message" time="0.006" /><testcase classname="tests.test_news_agent_thinking.TestExtractText" name="test_fallback_to_response_text_on_exception" time="0.002" /><testcase classname="tests.test_news_agent_thinking.TestExtractText" name="test_filters_thinking_part_thought_true" time="0.003" /><testcase classname="tests.test_news_agent_thinking.TestExtractText" name="test_joins_multiple_non_thinking_parts" time="0.003" /><testcase classname="tests.test_news_agent_thinking.TestExtractText" name="test_parts_without_text_attribute_are_skipped" time="0.004" /><testcase classname="tests.test_news_agent_thinking.TestExtractText" name="test_returns_none_for_empty_candidates" time="0.002" /><testcase classname="tests.test_news_agent_thinking.TestExtractText" name="test_returns_none_when_only_thinking_parts" time="0.003" /><testcase classname="tests.test_news_agent_thinking.TestExtractText" name="test_returns_single_non_thinking_part" time="0.003" /><testcase classname="tests.test_news_agent_thinking.TestExtractText" name="test_strips_surrounding_whitespace" time="0.005" /><testcase classname="tests.test_news_agent_thinking.TestStripThoughtPreamble" name="test_anchors_on_check_emoji" time="0.003" /><testcase classname="tests.test_news_agent_thinking.TestStripThoughtPreamble" name="test_anchors_on_html_anchor_tag" time="0.002" /><testcase classname="tests.test_news_agent_thinking.TestStripThoughtPreamble" name="test_anchors_on_html_bold_tag" time="0.002" /><testcase classname="tests.test_news_agent_thinking.TestStripThoughtPreamble" name="test_anchors_on_html_italic_tag" time="0.001" /><testcase classname="tests.test_news_agent_thinking.TestStripThoughtPreamble" name="test_case_insensitive_prefix_match" time="0.002" /><testcase classname="tests.test_news_agent_thinking.TestStripThoughtPreamble" name="test_empty_string_passes_through" time="0.001" /><testcase classname="tests.test_news_agent_thinking.TestStripThoughtPreamble" name="test_no_preamble_passes_through" time="0.001" /><testcase classname="tests.test_news_agent_thinking.TestStripThoughtPreamble" name="test_normal_news_output_unmodified" time="0.001" /><testcase classname="tests.test_news_agent_thinking.TestStripThoughtPreamble" name="test_returns_none_when_all_thinking_no_anchor" time="0.002" /><testcase classname="tests.test_news_agent_thinking.TestStripThoughtPreamble" name="test_strips_thought_newline_preamble" time="0.001" /><testcase classname="tests.test_news_agent_thinking.TestStripThoughtPreamble" name="test_strips_thought_space_preamble" time="0.002" /><testcase classname="tests.test_news_agent_thinking.TestStripThoughtPreamble" name="test_strips_thoughtful_preamble" time="0.001" /><testcase classname="tests.test_news_agent_thinking.TestStripThoughtPreamble" name="test_strips_thoughts_plural" time="0.001" /><testcase classname="tests.test_news_agent_thinking.TestCallGeminiWithSearch" name="test_clean_response_returned" time="0.009" /><testcase classname="tests.test_news_agent_thinking.TestCallGeminiWithSearch" name="test_returns_none_on_gemini_exception" time="0.005" /><testcase classname="tests.test_news_agent_thinking.TestCallGeminiWithSearch" name="test_returns_none_when_only_thinking_and_no_anchor" time="0.005" /><testcase classname="tests.test_news_agent_thinking.TestCallGeminiWithSearch" name="test_thinking_part_filtered_out" time="0.008" /><testcase classname="tests.test_news_agent_thinking.TestCallGeminiWithSearch" name="test_thinking_preamble_stripped_when_thought_attr_absent" time="0.011" /><testcase classname="tests.test_news_agent_thinking.TestDockerIntegration" name="test_health_endpoint_responds" time="0.001"><skipped type="pytest.skip" message="set INTEGRATION_TEST=1 to run against live Docker">/home/tinhn/repo/Personal_AI_OS/tests/test_news_agent_thinking.py:345: set INTEGRATION_TEST=1 to run against live Docker</skipped></testcase><testcase classname="tests.test_news_agent_thinking.TestDockerIntegration" name="test_news_on_demand_sends_no_thought_prefix" time="0.000"><skipped type="pytest.skip" message="set INTEGRATION_TEST=1 to run against live Docker">/home/tinhn/repo/Personal_AI_OS/tests/test_news_agent_thinking.py:415: set INTEGRATION_TEST=1 to run against live Docker</skipped></testcase><testcase classname="tests.test_news_agent_thinking.TestDockerIntegration" name="test_no_error_lines_in_recent_logs" time="0.000"><skipped type="pytest.skip" message="set INTEGRATION_TEST=1 to run against live Docker">/home/tinhn/repo/Personal_AI_OS/tests/test_news_agent_thinking.py:365: set INTEGRATION_TEST=1 to run against live Docker</skipped></testcase><testcase classname="tests.test_news_agent_thinking.TestDockerIntegration" name="test_no_thinking_text_in_recent_news_logs" time="0.000"><skipped type="pytest.skip" message="set INTEGRATION_TEST=1 to run against live Docker">/home/tinhn/repo/Personal_AI_OS/tests/test_news_agent_thinking.py:388: set INTEGRATION_TEST=1 to run against live Docker</skipped></testcase><testcase classname="tests.test_news_agent_thinking.TestDockerIntegration" name="test_webhook_endpoint_reachable" time="0.000"><skipped type="pytest.skip" message="set INTEGRATION_TEST=1 to run against live Docker">/home/tinhn/repo/Personal_AI_OS/tests/test_news_agent_thinking.py:351: set INTEGRATION_TEST=1 to run against live Docker</skipped></testcase><testcase classname="tests.test_news_memory.TestMergeTopics" name="test_deduplicates" time="0.001" /><testcase classname="tests.test_news_memory.TestMergeTopics" name="test_respects_max" time="0.001" /><testcase classname="tests.test_news_memory.TestMergeTopics" name="test_strips_whitespace" time="0.001" /><testcase classname="tests.test_news_memory.TestParseExtraction" name="test_empty_string_returns_none" time="0.002" /><testcase classname="tests.test_news_memory.TestParseExtraction" name="test_invalid_json_returns_none" time="0.001" /><testcase classname="tests.test_news_memory.TestParseExtraction" name="test_json_with_markdown_fences" time="0.001" /><testcase classname="tests.test_news_memory.TestParseExtraction" name="test_valid_json" time="0.001" /><testcase classname="tests.test_news_memory.TestLoadNewsMemory" name="test_handles_corrupt_json_gracefully" time="0.003" /><testcase classname="tests.test_news_memory.TestLoadNewsMemory" name="test_parses_liked_topics" time="0.002" /><testcase classname="tests.test_news_memory.TestLoadNewsMemory" name="test_returns_defaults_when_no_state" time="0.002" /><testcase classname="tests.test_news_memory.TestSaveNewsMemory" name="test_delegates_to_set_news_state" time="0.003" /><testcase classname="tests.test_news_memory.TestExtractAndSaveSignals" name="test_graceful_on_api_error" time="0.005" /><testcase classname="tests.test_news_memory.TestExtractAndSaveSignals" name="test_no_save_when_no_signals" time="0.005" /><testcase classname="tests.test_news_memory.TestExtractAndSaveSignals" name="test_saves_liked_topics" time="0.006" /><testcase classname="tests.test_news_memory.TestRunExtractInBackground" name="test_spawns_thread" time="0.053" /><testcase classname="tests.test_news_prompts.TestBuildInterestSection" name="test_empty_returns_default" time="0.001" /><testcase classname="tests.test_news_prompts.TestBuildInterestSection" name="test_flat_format_sorted_by_weight" time="0.001" /><testcase classname="tests.test_news_prompts.TestBuildInterestSection" name="test_flat_format_contains_weight" time="0.001" /><testcase classname="tests.test_news_prompts.TestBuildInterestSection" name="test_nested_format_extracts_weight" time="0.001" /><testcase classname="tests.test_news_prompts.TestBuildInterestSection" name="test_nested_format_missing_weight_defaults_to_5" time="0.001" /><testcase classname="tests.test_news_prompts.TestBuildInterestSection" name="test_invalid_weight_defaults_to_5" time="0.001" /><testcase classname="tests.test_news_prompts.TestBuildMemorySection" name="test_empty_memory_returns_empty_string" time="0.001" /><testcase classname="tests.test_news_prompts.TestBuildMemorySection" name="test_liked_topics_included" time="0.001" /><testcase classname="tests.test_news_prompts.TestBuildMemorySection" name="test_disliked_topics_included" time="0.001" /><testcase classname="tests.test_news_prompts.TestBuildMemorySection" name="test_extra_notes_included" time="0.001" /><testcase classname="tests.test_news_prompts.TestBuildMemorySection" name="test_extra_notes_truncated_at_200" time="0.001" /><testcase classname="tests.test_news_prompts.TestBuildMemorySection" name="test_all_fields_combined" time="0.002" /><testcase classname="tests.test_news_prompts.TestBuildMemorySection" name="test_liked_topics_capped_at_10" time="0.001" /><testcase classname="tests.test_news_prompts.TestBuildTopicSystemInstruction" name="test_returns_non_empty_string" time="0.001" /><testcase classname="tests.test_news_prompts.TestBuildTopicSystemInstruction" name="test_contains_format_keywords" time="0.001" /><testcase classname="tests.test_news_prompts.TestBuildTopicPrompt" name="test_morning_session_context" time="0.001" /><testcase classname="tests.test_news_prompts.TestBuildTopicPrompt" name="test_afternoon_session_context" time="0.001" /><testcase classname="tests.test_news_prompts.TestBuildTopicPrompt" name="test_evening_session_context" time="0.001" /><testcase classname="tests.test_news_prompts.TestBuildTopicPrompt" name="test_unknown_session_falls_back" time="0.001" /><testcase classname="tests.test_news_prompts.TestBuildTopicPrompt" name="test_topic_name_and_emoji_in_output" time="0.001" /><testcase classname="tests.test_news_prompts.TestBuildTopicPrompt" name="test_date_str_in_output" time="0.001" /><testcase classname="tests.test_news_prompts.TestBuildOnDemandSystemInstruction" name="test_returns_non_empty_string" time="0.001" /><testcase classname="tests.test_news_prompts.TestBuildOnDemandSystemInstruction" name="test_contains_format_keywords" time="0.001" /><testcase classname="tests.test_news_prompts.TestBuildOnDemandPrompt" name="test_query_in_output" time="0.001" /><testcase classname="tests.test_news_prompts.TestBuildOnDemandPrompt" name="test_date_str_in_output" time="0.001" /><testcase classname="tests.test_news_prompts.TestBuildOnDemandPrompt" name="test_contains_search_instruction" time="0.001" /><testcase classname="tests.test_news_prompts.TestBuildSessionPrompt" name="test_morning_template_used" time="0.001" /><testcase classname="tests.test_news_prompts.TestBuildSessionPrompt" name="test_afternoon_template_used" time="0.001" /><testcase classname="tests.test_news_prompts.TestBuildSessionPrompt" name="test_evening_template_used" time="0.001" /><testcase classname="tests.test_news_prompts.TestBuildSessionPrompt" name="test_unknown_session_falls_back_to_morning" time="0.001" /><testcase classname="tests.test_news_prompts.TestBuildSessionPrompt" name="test_date_str_substituted" time="0.001" /><testcase classname="tests.test_news_prompts.TestBuildSessionPrompt" name="test_interest_section_injected" time="0.001" /><testcase classname="tests.test_news_prompts.TestBuildSessionPrompt" name="test_memory_section_injected_when_present" time="0.001" /><testcase classname="tests.test_news_prompts.TestBuildSessionPrompt" name="test_empty_memory_no_liked_block" time="0.002" /><testcase classname="tests.test_news_prompts.TestBuildMemoryExtractionPrompt" name="test_chat_text_substituted" time="0.001" /><testcase classname="tests.test_news_prompts.TestBuildMemoryExtractionPrompt" name="test_truncates_at_3000_chars" time="0.001" /><testcase classname="tests.test_news_prompts.TestBuildMemoryExtractionPrompt" name="test_contains_json_format_hint" time="0.001" /><testcase classname="tests.test_news_prompts.TestBuildMemoryExtractionPrompt" name="test_short_text_not_truncated" time="0.001" /><testcase classname="tests.test_news_prompts.TestBuildNewsSystemInstruction" name="test_returns_non_empty_string" time="0.001" /><testcase classname="tests.test_news_prompts.TestBuildNewsSystemInstruction" name="test_contains_html_format_rule" time="0.001" /><testcase classname="tests.test_news_telegram.TestHandleNewsCommandDisabled" name="test_sends_disabled_message" time="0.003" /><testcase classname="tests.test_news_telegram.TestHandleNewsCommandDisabled" name="test_does_not_call_generate" time="0.003" /><testcase classname="tests.test_news_telegram.TestHandleNewsCommandHelp" name="test_help_arg_sends_help_message" time="0.002" /><testcase classname="tests.test_news_telegram.TestHandleNewsCommandHelp" name="test_help_case_insensitive" time="0.002" /><testcase classname="tests.test_news_telegram.TestHandleNewsCommandInvalid" name="test_invalid_arg_sends_error" time="0.002" /><testcase classname="tests.test_news_telegram.TestHandleNewsCommandInvalid" name="test_invalid_arg_includes_help" time="0.003" /><testcase classname="tests.test_news_telegram.TestHandleNewsCommandValid" name="test_valid_session_calls_generate[morning]" time="0.003" /><testcase classname="tests.test_news_telegram.TestHandleNewsCommandValid" name="test_valid_session_calls_generate[afternoon]" time="0.003" /><testcase classname="tests.test_news_telegram.TestHandleNewsCommandValid" name="test_valid_session_calls_generate[evening]" time="0.003" /><testcase classname="tests.test_news_telegram.TestHandleNewsCommandValid" name="test_no_args_defaults_to_morning" time="0.003" /><testcase classname="tests.test_news_telegram.TestHandleNewsCommandValid" name="test_exception_sends_error_message" time="0.003" /><testcase classname="tests.test_news_telegram.TestHandleNewsChatDisabled" name="test_sends_disabled_message" time="0.002" /><testcase classname="tests.test_news_telegram.TestHandleNewsChatEmptyText" name="test_empty_string_sends_help" time="0.003" /><testcase classname="tests.test_news_telegram.TestHandleNewsChatHappyPath" name="test_calls_on_demand_briefing" time="0.005" /><testcase classname="tests.test_news_telegram.TestHandleNewsChatHappyPath" name="test_runs_memory_extraction_when_reply" time="0.007" /><testcase classname="tests.test_news_telegram.TestHandleNewsChatHappyPath" name="test_no_memory_extraction_when_no_reply" time="0.005" /><testcase classname="tests.test_news_telegram.TestCheckRateLimit" name="test_first_request_allowed" time="0.001" /><testcase classname="tests.test_news_telegram.TestCheckRateLimit" name="test_up_to_limit_allowed" time="0.001" /><testcase classname="tests.test_news_telegram.TestCheckRateLimit" name="test_exceeding_limit_blocked" time="0.001" /><testcase classname="tests.test_news_telegram.TestCheckRateLimit" name="test_old_timestamps_expire" time="0.001" /><testcase classname="tests.test_news_telegram.TestCheckRateLimit" name="test_mixed_old_and_recent" time="0.002" /><testcase classname="tests.test_news_telegram.TestHandleNewsChatRateLimit" name="test_11th_request_sends_err003" time="0.003" /><testcase classname="tests.test_news_telegram.TestHandleNewsChatRateLimit" name="test_rate_limited_does_not_call_llm" time="0.003" /><testcase classname="tests.test_news_telegram.TestErrorConstants" name="test_err_constants_are_strings" time="0.001" /><testcase classname="tests.test_news_telegram.TestErrorConstants" name="test_err001_contains_warning_emoji" time="0.001" /><testcase classname="tests.test_news_telegram.TestErrorConstants" name="test_err003_mentions_retry" time="0.001" /><testcase classname="tests.test_news_telegram.TestErrorConstants" name="test_err004_mentions_disabled" time="0.001" /><testcase classname="tests.test_notification.TestSanitizeMdToTgHtml" name="test_anchor_link_passes_through_intact" time="0.002" /><testcase classname="tests.test_notification.TestSanitizeMdToTgHtml" name="test_bold_html_tags_injected_by_ai_are_preserved" time="0.001" /><testcase classname="tests.test_notification.TestSanitizeMdToTgHtml" name="test_bold_markdown_converts_to_html" time="0.001" /><testcase classname="tests.test_notification.TestSanitizeMdToTgHtml" name="test_bullet_asterisk_converts_to_dot" time="0.001" /><testcase classname="tests.test_notification.TestSanitizeMdToTgHtml" name="test_bullet_dash_converts_to_dot" time="0.001" /><testcase classname="tests.test_notification.TestSanitizeMdToTgHtml" name="test_empty_string_returns_empty" time="0.001" /><testcase classname="tests.test_notification.TestSanitizeMdToTgHtml" name="test_h1_header_converts_to_bold" time="0.001" /><testcase classname="tests.test_notification.TestSanitizeMdToTgHtml" name="test_html_special_chars_are_escaped" time="0.001" /><testcase classname="tests.test_notification.TestSanitizeMdToTgHtml" name="test_markdown_header_converts_to_bold" time="0.001" /><testcase classname="tests.test_notification.TestSanitizeMdToTgHtml" name="test_mixed_markdown_and_special_chars" time="0.001" /><testcase classname="tests.test_notification.TestSanitizeMdToTgHtml" name="test_multiline_output_handles_each_line" time="0.001" /><testcase classname="tests.test_notification.TestSanitizeMdToTgHtml" name="test_multiple_bold_segments" time="0.001" /><testcase classname="tests.test_notification.TestSanitizeMdToTgHtml" name="test_none_input_returns_none" time="0.001" /><testcase classname="tests.test_notification.TestSanitizeMdToTgHtml" name="test_plain_text_passes_through_unchanged" time="0.001" /><testcase classname="tests.test_notification.TestSanitizeMdToTgHtml" name="test_special_chars_in_text_outside_tags_are_escaped" time="0.001" /><testcase classname="tests.test_notification.TestSanitizeMdToTgHtml" name="test_strip_html_removes_tags_and_unescapes" time="0.001" /><testcase classname="tests.test_notification.TestSanitizeMdToTgHtml" name="test_unclosed_b_tag_is_balanced" time="0.001" /><testcase classname="tests.test_notification.TestSendTelegramMsg" name="test_400_on_plain_msg_not_retried" time="0.004" /><testcase classname="tests.test_notification.TestSendTelegramMsg" name="test_html_input_stripped_before_send" time="0.004" /><testcase classname="tests.test_notification.TestSendTelegramMsg" name="test_network_exception_does_not_raise" time="0.003" /><testcase classname="tests.test_notification.TestSendTelegramMsg" name="test_no_token_skips_request" time="0.003" /><testcase classname="tests.test_notification.TestSendTelegramMsg" name="test_sends_without_parse_mode" time="0.004" /><testcase classname="tests.test_notification.TestSendTypingAction" name="test_exception_is_silently_ignored" time="0.003" /><testcase classname="tests.test_notification.TestSendTypingAction" name="test_no_token_returns_without_crash" time="0.001" /><testcase classname="tests.test_notification.TestSendTypingAction" name="test_sends_typing_action" time="0.004" /><testcase classname="tests.test_notification.TestSplitPlain" name="test_all_content_preserved" time="0.002" /><testcase classname="tests.test_notification.TestSplitPlain" name="test_message_at_exact_limit_is_one_chunk" time="0.001" /><testcase classname="tests.test_notification.TestSplitPlain" name="test_plain_text_splits_at_word_boundary" time="0.001" /><testcase classname="tests.test_notification.TestSplitPlain" name="test_short_text_returns_single_chunk" time="0.001" /><testcase classname="tests.test_notification.TestSplitPlain" name="test_single_token_larger_than_limit" time="0.001" /><testcase classname="tests.test_notification.TestSplitHtmlNaive" name="test_all_content_preserved" time="0.001" /><testcase classname="tests.test_notification.TestSplitHtmlNaive" name="test_empty_returns_empty_or_single_empty" time="0.001" /><testcase classname="tests.test_notification.TestSplitHtmlNaive" name="test_oversized_para_stripped_and_word_split" time="0.001" /><testcase classname="tests.test_notification.TestSplitHtmlNaive" name="test_short_html_single_chunk" time="0.001" /><testcase classname="tests.test_notification.TestSplitHtmlNaive" name="test_splits_at_paragraph_boundary" time="0.001" /><testcase classname="tests.test_notification.TestSendTelegramMsgChunking" name="test_chunked_message_calls_post_multiple_times" time="0.007" /><testcase classname="tests.test_notification.TestSendTelegramMsgChunking" name="test_plain_msg_has_no_parse_mode" time="0.007" /><testcase classname="tests.test_notification.TestSendTelegramMsgAttachment" name="test_attachment_caption_is_set" time="0.005" /><testcase classname="tests.test_notification.TestSendTelegramMsgAttachment" name="test_attachment_sends_plain_text_file" time="0.005" /><testcase classname="tests.test_notification.TestSendTelegramMsgAttachment" name="test_huge_message_uses_send_document" time="0.004" /><testcase classname="tests.test_notification.TestSendTelegramHtml" name="test_html_400_falls_back_to_plain" time="0.005" /><testcase classname="tests.test_notification.TestSendTelegramHtml" name="test_html_msg_uses_parse_mode_html" time="0.004" /><testcase classname="tests.test_notification.TestSendHtmlEmail" name="test_disabled_config_returns_early" time="0.002" /><testcase classname="tests.test_notification.TestSendHtmlEmail" name="test_happy_path_calls_smtp" time="0.008" /><testcase classname="tests.test_notification.TestSendHtmlEmail" name="test_missing_env_vars_returns_early" time="0.003" /><testcase classname="tests.test_notification.TestSendHtmlEmail" name="test_smtp_error_does_not_raise" time="0.004" /><testcase classname="tests.test_notification_document.TestSendDocumentIntegration" name="test_send_document_for_large_message" time="0.006" /><testcase classname="tests.test_notification_document.TestSendDocumentIntegration" name="test_send_document_handles_non_200" time="0.007" /><testcase classname="tests.test_sanity_flows.TestMorningBriefingGuard1" name="test_chat_id_is_env_value" time="0.006" /><testcase classname="tests.test_sanity_flows.TestMorningBriefingGuard1" name="test_message_contains_setup_keyword" time="0.008" /><testcase classname="tests.test_sanity_flows.TestMorningBriefingGuard1" name="test_sends_exactly_one_telegram_message" time="0.007" /><testcase classname="tests.test_sanity_flows.TestMorningBriefingGuard2" name="test_does_not_raise_attributeerror" time="0.010" /><testcase classname="tests.test_sanity_flows.TestMorningBriefingGuard2" name="test_high_acwr_gets_rest_suggestion" time="0.008" /><testcase classname="tests.test_sanity_flows.TestMorningBriefingGuard2" name="test_injured_athlete_gets_rest_suggestion" time="0.008" /><testcase classname="tests.test_sanity_flows.TestMorningBriefingGuard2" name="test_message_contains_plan_prompt" time="0.009" /><testcase classname="tests.test_sanity_flows.TestMorningBriefingGuard2" name="test_message_contains_suggestion_header" time="0.008" /><testcase classname="tests.test_sanity_flows.TestMorningBriefingGuard2" name="test_no_chat_id_skips_telegram" time="0.008" /><testcase classname="tests.test_sanity_flows.TestMorningBriefingGuard2" name="test_saves_message_to_db" time="0.008" /><testcase classname="tests.test_sanity_flows.TestMorningBriefingGuard2" name="test_sends_telegram_message" time="0.009" /><testcase classname="tests.test_sanity_flows.TestMorningBriefingGuard2" name="test_sick_athlete_gets_rest_suggestion" time="0.010" /><testcase classname="tests.test_sanity_flows.TestMorningBriefingFullAIPath" name="test_empty_gemini_reply_sends_fallback" time="0.015" /><testcase classname="tests.test_sanity_flows.TestMorningBriefingFullAIPath" name="test_full_path_sends_ai_reply" time="0.014" /><testcase classname="tests.test_sanity_flows.TestSchedulerTaskWrappers" name="test_task_morning_briefing_calls_generate" time="0.007" /><testcase classname="tests.test_sanity_flows.TestSchedulerTaskWrappers" name="test_task_morning_briefing_exception_does_not_propagate" time="0.004" /><testcase classname="tests.test_sanity_flows.TestSchedulerTaskWrappers" name="test_task_morning_briefing_passes_weather_to_generate" time="0.006" /><testcase classname="tests.test_sanity_flows.TestSchedulerTaskWrappers" name="test_task_morning_news_calls_generate" time="0.003" /><testcase classname="tests.test_sanity_flows.TestSchedulerTaskWrappers" name="test_task_morning_news_exception_does_not_propagate" time="0.004" /><testcase classname="tests.test_sanity_flows.TestTelegramCommandRouting" name="test_brief_command_handled_by_coach_agent" time="0.014" /><testcase classname="tests.test_sanity_flows.TestTelegramCommandRouting" name="test_free_text_routes_to_coach" time="0.011" /><testcase classname="tests.test_sanity_flows.TestTelegramCommandRouting" name="test_malformed_json_returns_200" time="0.007" /><testcase classname="tests.test_sanity_flows.TestTelegramCommandRouting" name="test_missing_message_key_returns_200" time="0.006" /><testcase classname="tests.test_sanity_flows.TestTelegramCommandRouting" name="test_news_command_triggers_news_handler" time="0.009" /><testcase classname="tests.test_sanity_flows.TestTelegramCommandRouting" name="test_news_prefix_routes_to_news_agent" time="0.012" /><testcase classname="tests.test_sanity_flows.TestTelegramCommandRouting" name="test_null_body_returns_200" time="0.006" /><testcase classname="tests.test_sanity_flows.TestTelegramCommandRouting" name="test_standup_command_triggers_briefing" time="0.011" /><testcase classname="tests.test_sanity_flows.TestDailySuggestionAllBranches" name="test_easy_from_long_rest" time="0.001" /><testcase classname="tests.test_sanity_flows.TestDailySuggestionAllBranches" name="test_easy_short_from_moderate_readiness" time="0.001" /><testcase classname="tests.test_sanity_flows.TestDailySuggestionAllBranches" name="test_empty_recent_runs_list_does_not_crash" time="0.001" /><testcase classname="tests.test_sanity_flows.TestDailySuggestionAllBranches" name="test_format_always_returns_str" time="0.001" /><testcase classname="tests.test_sanity_flows.TestDailySuggestionAllBranches" name="test_long_run_on_weekend" time="0.001" /><testcase classname="tests.test_sanity_flows.TestDailySuggestionAllBranches" name="test_recent_runs_with_quality_sessions" time="0.001" /><testcase classname="tests.test_sanity_flows.TestDailySuggestionAllBranches" name="test_recovery_from_low_readiness" time="0.001" /><testcase classname="tests.test_sanity_flows.TestDailySuggestionAllBranches" name="test_rest_from_high_acwr" time="0.001" /><testcase classname="tests.test_sanity_flows.TestDailySuggestionAllBranches" name="test_rest_from_injured_state" time="0.001" /><testcase classname="tests.test_sanity_flows.TestDailySuggestionAllBranches" name="test_rest_from_sick_state" time="0.001" /><testcase classname="tests.test_sanity_flows.TestDailySuggestionAllBranches" name="test_tempo_on_excellent_readiness" time="0.001" /><testcase classname="tests.test_sanity_flows.TestNewsBriefingFlow" name="test_generate_news_briefing_does_not_crash" time="0.007" /><testcase classname="tests.test_sanity_flows.TestNewsBriefingFlow" name="test_news_send_fails_gracefully" time="0.008" /><testcase classname="tests.test_sanity_flows.TestStravaWebhookRouting" name="test_create_event_queues_workflow" time="0.009" /><testcase classname="tests.test_sanity_flows.TestStravaWebhookRouting" name="test_delete_event_queues_cleanup" time="0.008" /><testcase classname="tests.test_sanity_flows.TestStravaWebhookRouting" name="test_invalid_payload_returns_4xx" time="0.006" /><testcase classname="tests.test_sanity_flows.TestStravaWebhookRouting" name="test_update_event_is_ignored" time="0.006" /><testcase classname="tests.test_sanity_flows.TestHealthEndpoint" name="test_json_has_required_keys" time="0.006" /><testcase classname="tests.test_sanity_flows.TestHealthEndpoint" name="test_responds_not_5xx" time="0.005" /><testcase classname="tests.test_sanity_flows.TestHealthEndpoint" name="test_scheduler_field_is_valid_string" time="0.005" /><testcase classname="tests.test_sanity_flows.TestBriefCommandInCoachAgent" name="test_brief_command_calls_briefing" time="0.004" /><testcase classname="tests.test_sanity_flows.TestBriefCommandInCoachAgent" name="test_standup_command_calls_briefing" time="0.005" /><testcase classname="tests.test_sanity_flows.TestNotificationPipeline" name="test_empty_message_does_not_crash" time="0.004" /><testcase classname="tests.test_sanity_flows.TestNotificationPipeline" name="test_sanitize_md_to_tg_html_handles_none" time="0.001" /><testcase classname="tests.test_sanity_flows.TestNotificationPipeline" name="test_short_message_sent_as_single_chunk" time="0.004" /><testcase classname="tests.test_sanity_flows.TestNotificationPipeline" name="test_very_long_message_is_chunked" time="0.004" /><testcase classname="tests.test_sanity_flows.TestAgenticLoopFlow" name="test_loop_terminates_after_max_rounds" time="0.009" /><testcase classname="tests.test_sanity_flows.TestAgenticLoopFlow" name="test_text_only_response_returns_text" time="0.004" /><testcase classname="tests.test_sanity_flows.TestAgenticLoopFlow" name="test_tool_dispatch_map_has_all_read_tools" time="0.002" /><testcase classname="tests.test_sani
[...]
estSanitizeMdToTgHtml" name="test_balances_pre_tag" time="0.001" /><testcase classname="tests.test_telegram_chunking.TestSanitizeMdToTgHtml" name="test_balances_s_tag" time="0.002" /><testcase classname="tests.test_telegram_chunking.TestSanitizeMdToTgHtml" name="test_balances_u_tag" time="0.002" /><testcase classname="tests.test_telegram_chunking.TestSanitizeMdToTgHtml" name="test_empty_string_passthrough" time="0.001" /><testcase classname="tests.test_telegram_chunking.TestSanitizeMdToTgHtml" name="test_none_passthrough" time="0.001" /><testcase classname="tests.test_telegram_chunking.TestSendTelegramMsgRateLimit" name="test_no_sleep_on_200" time="0.005" /><testcase classname="tests.test_telegram_chunking.TestSendTelegramMsgRateLimit" name="test_retries_on_429" time="0.007" /><testcase classname="tests.test_telegram_chunking.TestPlainTextChunking" name="test_no_content_loss" time="0.002" /><testcase classname="tests.test_telegram_chunking.TestPlainTextChunking" name="test_oversized_single_token_is_force_split" time="0.001" /><testcase classname="tests.test_telegram_router.TestRouteMessage" name="test_at_news_mid_sentence_routes_to_coach" time="0.001" /><testcase classname="tests.test_telegram_router.TestRouteMessage" name="test_at_news_no_query_returns_empty_cleaned" time="0.001" /><testcase classname="tests.test_telegram_router.TestRouteMessage" name="test_at_news_prefix_with_extra_spaces" time="0.001" /><testcase classname="tests.test_telegram_router.TestRouteMessage" name="test_at_news_routes_to_news" time="0.001" /><testcase classname="tests.test_telegram_router.TestRouteMessage" name="test_at_tin_routes_to_news" time="0.001" /><testcase classname="tests.test_telegram_router.TestRouteMessage" name="test_empty_text_routes_to_coach" time="0.001" /><testcase classname="tests.test_telegram_router.TestRouteMessage" name="test_no_prefix_routes_to_coach" time="0.001" /><testcase classname="tests.test_telegram_router.TestRouteMessage" name="test_prefix_case_insensitive" time="0.001" /><testcase classname="tests.test_telegram_router.TestRouteMessage" name="test_whitespace_only_routes_to_coach" time="0.001" /><testcase classname="tests.test_tools.TestCheckTrainingStatus" name="test_danger_zone_reflected_in_output" time="0.002" /><testcase classname="tests.test_tools.TestCheckTrainingStatus" name="test_output_is_single_line_string" time="0.002" /><testcase classname="tests.test_tools.TestCheckTrainingStatus" name="test_returns_acwr_string" time="0.002" /><testcase classname="tests.test_tools.TestCheckTrainingStatus" name="test_zero_loads_returns_no_chronic_data" time="0.003" /><testcase classname="tests.test_tools.TestGetRecentWorkouts" name="test_empty_log_returns_empty_message" time="0.003" /><testcase classname="tests.test_tools.TestGetRecentWorkouts" name="test_returns_log_string" time="0.003" /><testcase classname="tests.test_tools.TestUpdateTodaysPlan" name="test_calls_db_with_todays_date" time="0.004" /><testcase classname="tests.test_tools.TestUpdateTodaysPlan" name="test_returns_db_result" time="0.003" /><testcase classname="tests.test_tools.TestSetWorkoutPlan" name="test_passes_target_date_to_db" time="0.002" /><testcase classname="tests.test_tools.TestSetWorkoutPlan" name="test_returns_db_message" time="0.003" /><testcase classname="tests.test_tools.TestSetActualWeeklyTarget" name="test_does_not_overwrite_existing_standard_target" time="0.004" /><testcase classname="tests.test_tools.TestSetActualWeeklyTarget" name="test_failure_returns_error_message" time="0.004" /><testcase classname="tests.test_tools.TestSetActualWeeklyTarget" name="test_preserves_standard_target_from_db" time="0.004" /><testcase classname="tests.test_tools.TestSetActualWeeklyTarget" name="test_success_returns_confirmation" time="0.003" /><testcase classname="tests.test_tools.TestSearchLongTermMemory" name="test_empty_results_return_not_found_message" time="0.003" /><testcase classname="tests.test_tools.TestSearchLongTermMemory" name="test_none_results_return_not_found_message" time="0.003" /><testcase classname="tests.test_tools.TestSearchLongTermMemory" name="test_rag_exception_returns_error_string" time="0.004" /><testcase classname="tests.test_tools.TestSearchLongTermMemory" name="test_returns_formatted_memories" time="0.004" /><testcase classname="tests.test_tools.TestGetTotalRunStats" name="test_missing_file_returns_fallback_message" time="0.003" /><testcase classname="tests.test_tools.TestGetTotalRunStats" name="test_returns_formatted_stats" time="0.007" /><testcase classname="tests.test_tools.TestToolRouting" name="test_case_insensitive_routing" time="0.001" /><testcase classname="tests.test_tools.TestToolRouting" name="test_informational_query_gets_read_only_tools" time="0.001" /><testcase classname="tests.test_tools.TestToolRouting" name="test_mixed_message_with_write_keyword_gets_all_tools" time="0.001" /><testcase classname="tests.test_tools.TestToolRouting" name="test_write_keyword_triggers_write_tools" time="0.002" /><testcase classname="tests.test_tools.TestGetRunStreamCsv" name="test_empty_arrays_returns_empty_message" time="0.004" /><testcase classname="tests.test_tools.TestGetRunStreamCsv" name="test_happy_path_returns_csv_header" time="0.003" /><testcase classname="tests.test_tools.TestGetRunStreamCsv" name="test_no_raw_activity_returns_not_found" time="0.002" /><testcase classname="tests.test_tools.TestGetRunStreamCsv" name="test_no_stream_file_path_returns_not_found" time="0.002" /><testcase classname="tests.test_tools.TestGetRunStreamCsv" name="test_unloadable_payload_returns_error" time="0.003" /><testcase classname="tests.test_tools.TestGetRunComputedMetrics" name="test_block_is_returned_when_found" time="0.003" /><testcase classname="tests.test_tools.TestGetRunComputedMetrics" name="test_none_block_returns_fallback" time="0.003" /><testcase classname="tests.test_tools.TestGetRunComputedMetrics" name="test_not_found_returns_not_found_message" time="0.003" /><testcase classname="tests.test_tools.TestGetMetricTrend" name="test_custom_days_parameter_passed_through" time="0.003" /><testcase classname="tests.test_tools.TestGetMetricTrend" name="test_empty_data_returns_no_data_message" time="0.002" /><testcase classname="tests.test_tools.TestGetMetricTrend" name="test_with_data_formats_output" time="0.002" /><testcase classname="tests.test_tools.TestGetVolumeForWeek" name="test_no_week_runs_returns_fallback_monthly" time="0.002" /><testcase classname="tests.test_tools.TestGetVolumeForWeek" name="test_output_contains_week_number" time="0.004" /><testcase classname="tests.test_tools.TestGetVolumeSummary" name="test_period_month_returns_monthly_summary" time="0.002" /><testcase classname="tests.test_tools.TestGetVolumeSummary" name="test_period_year_no_breakdown_still_works" time="0.002" /><testcase classname="tests.test_tools.TestGetVolumeSummary" name="test_period_year_returns_yearly_summary" time="0.002" /><testcase classname="tests.test_tools.TestSaveBulkWorkoutPlan" name="test_empty_array_returns_error" time="0.002" /><testcase classname="tests.test_tools.TestSaveBulkWorkoutPlan" name="test_invalid_json_returns_error" time="0.001" /><testcase classname="tests.test_tools.TestSaveBulkWorkoutPlan" name="test_partial_db_failure_reported" time="0.002" /><testcase classname="tests.test_tools.TestSaveBulkWorkoutPlan" name="test_saves_all_valid_entries" time="0.002" /><testcase classname="tests.test_tools.TestSaveBulkWorkoutPlan" name="test_skips_entries_missing_required_fields" time="0.002" /><testcase classname="tests.test_tools.TestAgenticLoop" name="test_dispatch_map_contains_all_tools" time="0.001" /><testcase classname="tests.test_tools.TestAgenticLoop" name="test_executes_tool_and_feeds_result_back" time="0.007" /><testcase classname="tests.test_tools.TestAgenticLoop" name="test_text_only_response_returns_immediately" time="0.005" /><testcase classname="tests.test_tools.TestAgenticLoop" name="test_unknown_tool_returns_error_but_continues" time="0.008" /><testcase classname="tests.test_tools.TestAgenticLoop" name="test_write_keywords_trigger_write_tools" time="0.001" /><testcase classname="tests.test_tools_get_run_full_details.TestGetRunFullDetails" name="test_includes_stream_file_path_when_present" time="0.002" /><testcase classname="tests.test_tools_get_run_full_details.TestGetRunFullDetails" name="test_no_stream_path_line_when_path_empty" time="0.002" /><testcase classname="tests.test_tools_get_run_full_details.TestGetRunFullDetails" name="test_returns_not_found_message_when_no_raw" time="0.002" /><testcase classname="tests.test_utils.TestCalculateTrimp" name="test_custom_hr_zones_respected" time="0.002" /><testcase classname="tests.test_utils.TestCalculateTrimp" name="test_easy_run_is_low_trimp" time="0.001" /><testcase classname="tests.test_utils.TestCalculateTrimp" name="test_hard_run_exceeds_120_trimp" time="0.001" /><testcase classname="tests.test_utils.TestCalculateTrimp" name="test_hr_below_rest_hr_clamps_to_zero_trimp" time="0.001" /><testcase classname="tests.test_utils.TestCalculateTrimp" name="test_medium_run_is_tempo" time="0.001" /><testcase classname="tests.test_utils.TestCalculateTrimp" name="test_zero_duration_returns_zero" time="0.001" /><testcase classname="tests.test_utils.TestCalculateTrimp" name="test_zero_hr_returns_zero" time="0.001" /><testcase classname="tests.test_utils.TestCalculateAcwr" name="test_acwr_precision_two_decimals" time="0.001" /><testcase classname="tests.test_utils.TestCalculateAcwr" name="test_danger_zone_above_150" time="0.001" /><testcase classname="tests.test_utils.TestCalculateAcwr" name="test_overreaching_130_to_150" time="0.001" /><testcase classname="tests.test_utils.TestCalculateAcwr" name="test_sweet_spot_080_to_130" time="0.001" /><testcase classname="tests.test_utils.TestCalculateAcwr" name="test_undertraining_below_080" time="0.001" /><testcase classname="tests.test_utils.TestCalculateAcwr" name="test_zero_chronic_returns_no_data" time="0.001" /><testcase classname="tests.test_utils.TestCalculateTrainingPhase" name="test_base_phase_more_than_8_weeks" time="0.002" /><testcase classname="tests.test_utils.TestCalculateTrainingPhase" name="test_build_phase_5_to_8_weeks" time="0.001" /><testcase classname="tests.test_utils.TestCalculateTrainingPhase" name="test_cutback_week_every_4th_week" time="0.001" /><testcase classname="tests.test_utils.TestCalculateTrainingPhase" name="test_invalid_date_returns_error_phase" time="0.001" /><testcase classname="tests.test_utils.TestCalculateTrainingPhase" name="test_load_week_when_not_cutback" time="0.001" /><testcase classname="tests.test_utils.TestCalculateTrainingPhase" name="test_no_race_date_returns_base" time="0.001" /><testcase classname="tests.test_utils.TestCalculateTrainingPhase" name="test_peak_phase_3_to_4_weeks" time="0.001" /><testcase classname="tests.test_utils.TestCalculateTrainingPhase" name="test_race_in_past_returns_race_week" time="0.001" /><testcase classname="tests.test_utils.TestCalculateTrainingPhase" name="test_taper_phase_1_to_2_weeks" time="0.001" /><testcase classname="tests.test_utils.TestCalculateEfficiencyFactor" name="test_correct_formula" time="0.001" /><testcase classname="tests.test_utils.TestCalculateEfficiencyFactor" name="test_returns_float" time="0.001" /><testcase classname="tests.test_utils.TestCalculateEfficiencyFactor" name="test_zero_hr_returns_zero" time="0.001" /><testcase classname="tests.test_utils.TestCalculateGradeAdjustedPace" name="test_downhill_negative_grade_decreases_cost" time="0.001" /><testcase classname="tests.test_utils.TestCalculateGradeAdjustedPace" name="test_flat_terrain_no_change" time="0.001" /><testcase classname="tests.test_utils.TestCalculateGradeAdjustedPace" name="test_uphill_increases_pace_cost" time="0.001" /><testcase classname="tests.test_utils.TestAnalyzeDecoupling" name="test_cardiac_drift_detected" time="0.004" /><testcase classname="tests.test_utils.TestAnalyzeDecoupling" name="test_empty_df_returns_zero" time="0.001" /><testcase classname="tests.test_utils.TestAnalyzeDecoupling" name="test_none_returns_zero" time="0.001" /><testcase classname="tests.test_utils.TestAnalyzeDecoupling" name="test_perfect_consistency_near_zero_decoupling" time="0.003" /><testcase classname="tests.test_utils.TestAnalyzeDecoupling" name="test_returns_float" time="0.003" /><testcase classname="tests.test_utils.TestAnalyzeDecoupling" name="test_too_few_rows_returns_zero" time="0.002" /><testcase classname="tests.test_utils.TestCalculateHrZones" name="test_returns_five_zones" time="0.001" /><testcase classname="tests.test_utils.TestCalculateHrZones" name="test_zone1_min_is_50pct_hrr" time="0.001" /><testcase classname="tests.test_utils.TestCalculateHrZones" name="test_zone5_max_equals_max_hr" time="0.001" /><testcase classname="tests.test_utils.TestCalculateHrZones" name="test_zones_ascending" time="0.002" /><testcase classname="tests.test_utils.TestCalculatePaceZones" name="test_format_is_mm_ss" time="0.001" /><testcase classname="tests.test_utils.TestCalculatePaceZones" name="test_recovery_pace_slower_than_threshold" time="0.001" /><testcase classname="tests.test_utils.TestCalculatePaceZones" name="test_returns_six_zones" time="0.002" /><testcase classname="tests.test_utils.TestCalculatePaceZones" name="test_zone_has_name_and_range" time="0.001" /><testcase classname="tests.test_utils.TestCalculateTrImpGender" name="test_default_gender_is_male" time="0.001" /><testcase classname="tests.test_utils.TestCalculateTrImpGender" name="test_female_trimp_differs_from_male" time="0.001" /><testcase classname="tests.test_utils.TestCalculateTrImpGender" name="test_taper_factor_race_week_is_zero" time="0.001" /><testcase classname="tests.test_utils.TestCalculateTrImpGender" name="test_taper_factor_returned_in_training_phase" time="0.001" /><testcase classname="tests.test_utils.TestCalculateLthrZones" name="test_returns_seven_zones" time="0.001" /><testcase classname="tests.test_utils.TestCalculateLthrZones" name="test_zone1_max_is_70pct_lthr" time="0.001" /><testcase classname="tests.test_utils.TestCalculateLthrZones" name="test_zone5c_max_is_sentinel" time="0.001" /><testcase classname="tests.test_utils.TestCalculateLthrZones" name="test_zones_have_pct_key" time="0.001" /><testcase classname="tests.test_utils.TestFormatZoneStrings" name="test_format_hr_zones_for_prompt_has_zone_lines" time="0.002" /><testcase classname="tests.test_utils.TestFormatZoneStrings" name="test_format_lthr_zone5c_shows_greater_than" time="0.001" /><testcase classname="tests.test_utils.TestFormatZoneStrings" name="test_format_lthr_zones_for_prompt_has_seven_lines" time="0.001" /><testcase classname="tests.test_utils.TestFormatZoneStrings" name="test_format_pace_zones_for_prompt_has_six_lines" time="0.001" /><testcase classname="tests.test_utils.TestFormatZoneStrings" name="test_format_power_zones_for_prompt_has_six_lines" time="0.001" /><testcase classname="tests.test_utils.TestFormatZoneStrings" name="test_format_power_zones_zone6_shows_greater_than" time="0.001" /><testcase classname="tests.test_utils.TestCalculatePowerZones" name="test_returns_six_zones" time="0.001" /><testcase classname="tests.test_utils.TestCalculatePowerZones" name="test_zone1_max_is_60pct_rftp" time="0.001" /><testcase classname="tests.test_utils.TestCalculatePowerZones" name="test_zone6_max_is_sentinel" time="0.001" /><testcase classname="tests.test_utils.TestTrainingPhaseDistanceBranches" name="test_10k_taper_1_week" time="0.002" /><testcase classname="tests.test_utils.TestTrainingPhaseDistanceBranches" name="test_5k_base_phase_many_weeks_out" time="0.001" /><testcase classname="tests.test_utils.TestTrainingPhaseDistanceBranches" name="test_full_marathon_taper_3_weeks" time="0.001" /><testcase classname="tests.test_utils.TestTrainingPhaseDistanceBranches" name="test_taper_factor_050_at_week_minus_2_hm" time="0.001" /><testcase classname="tests.test_utils.TestTrainingPhaseDistanceBranches" name="test_taper_factor_075_at_week_minus_3_marathon" time="0.001" /><testcase classname="tests.test_utils.TestSendMessageWithRetry" name="test_malformed_response_retries" time="0.007" /><testcase classname="tests.test_utils.TestSendMessageWithRetry" name="test_non_retryable_error_raises_immediately" time="0.004" /><testcase classname="tests.test_utils.TestSendMessageWithRetry" name="test_raises_after_max_retries_exceeded" time="3.004" /><testcase classname="tests.test_utils.TestSendMessageWithRetry" name="test_retries_on_transient_503" time="1.007" /><testcase classname="tests.test_utils.TestSendMessageWithRetry" name="test_success_on_first_attempt" time="0.006" /><testcase classname="tests.test_utils.TestBuildAgentContext" name="test_acwr_text_no_chronic_data" time="0.008" /><testcase classname="tests.test_utils.TestBuildAgentContext" name="test_lthr_zones_used_when_configured" time="0.005" /><testcase classname="tests.test_utils.TestBuildAgentContext" name="test_returns_agent_context" time="0.005" /><testcase classname="tests.test_webhooks.TestStravaWebhookVerification" name="test_invalid_token_returns_error" time="0.009" /><testcase classname="tests.test_webhooks.TestStravaWebhookVerification" name="test_missing_params_returns_error" time="0.007" /><testcase classname="tests.test_webhooks.TestStravaWebhookVerification" name="test_valid_token_returns_challenge" time="0.007" /><testcase classname="tests.test_webhooks.TestStravaWebhookCreate" name="test_create_activity_triggers_workflow" time="0.009" /><testcase classname="tests.test_webhooks.TestStravaWebhookCreate" name="test_non_activity_event_ignored" time="0.006" /><testcase classname="tests.test_webhooks.TestStravaWebhookCreate" name="test_update_event_ignored" time="0.007" /><testcase classname="tests.test_webhooks.TestStravaWebhookDelete" name="test_delete_activity_triggers_cleanup" time="0.009" /><testcase classname="tests.test_webhooks.TestStravaWorkflowOrchestration" name="test_full_create_workflow" time="0.016" /><testcase classname="tests.test_webhooks.TestStravaWorkflowOrchestration" name="test_workflow_skipped_when_paused" time="0.003" /><testcase classname="tests.test_webhooks.TestDeletedActivityCleanup" name="test_delete_cleans_all_layers" time="0.007" /><testcase classname="tests.test_webhooks.TestTelegramWebhook" name="test_empty_text_still_routes" time="0.012" /><testcase classname="tests.test_webhooks.TestTelegramWebhook" name="test_no_message_field_returns_ok" time="0.006" /><testcase classname="tests.test_webhooks.TestTelegramWebhook" name="test_regular_chat_routed_to_ai" time="0.014" /><testcase classname="tests.test_webhooks.TestTelegramWebhook" name="test_standup_command" time="0.015" /><testcase classname="tests.test_webhooks.TestTelegramWebhook" name="test_sync_command_default" time="0.009" /><testcase classname="tests.test_webhooks.TestTelegramWebhook" name="test_sync_command_month" time="0.009" /><testcase classname="tests.test_webhooks.TestTelegramWebhook" name="test_sync_command_with_limit" time="0.012" /><testcase classname="tests.test_webhooks.TestWebhookPayloadValidation" name="test_strava_webhook_malformed_json_rejected" time="0.007" /><testcase classname="tests.test_webhooks.TestWebhookPayloadValidation" name="test_strava_webhook_missing_required_fields_rejected" time="0.006" /><testcase classname="tests.test_webhooks.TestWebhookPayloadValidation" name="test_strava_webhook_null_body_rejected" time="0.007" /><testcase classname="tests.test_webhooks.TestWebhookPayloadValidation" name="test_strava_webhook_zero_object_id_rejected" time="0.007" /><testcase classname="tests.test_webhooks.TestWebhookPayloadValidation" name="test_telegram_webhook_malformed_json_returns_ok" time="0.007" /><testcase classname="tests.test_webhooks.TestWebhookPayloadValidation" name="test_telegram_webhook_null_body_returns_ok" time="0.006" /><testcase classname="tests.test_webhooks.TestDuplicateWebhookResilience" name="test_duplicate_creates_both_trigger" time="0.017" /></testsuite></testsuites>